#
# A fatal error has been detected by the Java Runtime Environment:
#
#  SIGBUS (0x7) at pc=0x00007faf865af4e2, pid=22819, tid=0x00007faf8e696700
#
# JRE version: Java(TM) SE Runtime Environment (8.0_181-b13) (build 1.8.0_181-b13)
# Java VM: Java HotSpot(TM) 64-Bit Server VM (25.181-b13 mixed mode linux-amd64 compressed oops)
# Problematic frame:
# C  [libzip.so+0x124e2]  newEntry+0x62
#
# Failed to write core dump. Core dumps have been disabled. To enable core dumping, try "ulimit -c unlimited" before starting Java again
#
# If you would like to submit a bug report, please visit:
#   http://bugreport.java.com/bugreport/crash.jsp
# The crash happened outside the Java Virtual Machine in native code.
# See problematic frame for where to report the bug.
#

---------------  T H R E A D  ---------------

Current thread (0x00007faf88010800):  JavaThread "main" [_thread_in_native, id=22820, stack(0x00007faf8e596000,0x00007faf8e697000)]

siginfo: si_signo: 7 (SIGBUS), si_code: 2 (BUS_ADRERR), si_addr: 0x00007faf4a1a11bd

Registers:
RAX=0x00007faf887f92e0, RBX=0x00007faf885dee80, RCX=0x00007faf88000020, RDX=0x00007faf887f92e0
RSP=0x00007faf8e694f40, RBP=0x00007faf8e694f90, RSI=0x000000008000200c, RDI=0x0000000000000080
R8 =0x00007faf88000258, R9 =0x00007faf8e695010, R10=0x00007faf775bda7c, R11=0x00007faf8dc25150
R12=0x00007faf4a1a11a0, R13=0x00007faf887f92e0, R14=0x000000004eecb6d3, R15=0x00007faf885df0e0
RIP=0x00007faf865af4e2, EFLAGS=0x0000000000010206, CSGSFS=0x002b000000000033, ERR=0x0000000000000004
  TRAPNO=0x000000000000000e

Top of Stack: (sp=0x00007faf8e694f40)
0x00007faf8e694f40:   00007faf8e694f80 00007faf00000000
0x00007faf8e694f50:   00000007c00007a8 00007faf8d376eae
0x00007faf8e694f60:   00007faf887f92e0 00007faf885dee80
0x00007faf8e694f70:   00007faf888850f0 00007faf885df0e0
0x00007faf8e694f80:   000000004eecb6d3 0000000000000010
0x00007faf8e694f90:   00007faf8e694ff0 00007faf865afc3f
0x00007faf8e694fa0:   00007faf88010800 00007faf8d25dcd1
0x00007faf8e694fb0:   00007faf8e695010 00007faf8e695021
0x00007faf8e694fc0:   00007faf8e69501f 00007faf8e695010
0x00007faf8e694fd0:   0000000000000010 00007faf880109f8
0x00007faf8e694fe0:   00007faf8e6954e8 0000000000000000
0x00007faf8e694ff0:   00007faf8e695450 00007faf865a0e90
0x00007faf8e695000:   00007faf8e695260 00007faf885df0e0
0x00007faf8e695010:   73706f7250636f64 6c6d782e7070612f
0x00007faf8e695020:   00007faf8e695100 00007faf8e6951c0
0x00007faf8e695030:   00007faf8e695110 00007faf8da274e0
0x00007faf8e695040:   00007faf8e6950d0 00007faf8821b9d0
0x00007faf8e695050:   00007faf74f56590 00007faf8e6951a0
0x00007faf8e695060:   00007faf8e6950f0 00007faf8e6951d0
0x00007faf8e695070:   00007faf8e6951f0 00007faf8d25dcd1
0x00007faf8e695080:   00007faf8e695160 00007faf8d25da1a
0x00007faf8e695090:   00007faf74f20858 0000000000000000
0x00007faf8e6950a0:   00007faf8e695300 00007faf8d2352c9
0x00007faf8e6950b0:   00007faf8e695230 00007faf8d25da9a
0x00007faf8e6950c0:   00007faf8821b9d0 00007faf88010800
0x00007faf8e6950d0:   00007faf8e695280 00007faf8d25dcd1
0x00007faf8e6950e0:   00007faf8e695170 00007faf8d25da1a
0x00007faf8e6950f0:   00007faf74fffa28 0000000000000000
0x00007faf8e695100:   00007faf8e695360 00007faf8d2352c9
0x00007faf8e695110:   00007faf88010800 00007faf8821b9d0
0x00007faf8e695120:   00007faf8800de20 00007faf8800de30
0x00007faf8e695130:   00007faf8800df08 00007faf8e695280 

Instructions: (pc=0x00007faf865af4e2)
0x00007faf865af4c2:   00 48 c7 40 28 00 00 00 00 41 80 7f 30 00 0f 84
0x00007faf865af4d2:   8a 02 00 00 4c 8b 63 08 4d 2b 67 28 4d 03 67 18
0x00007faf865af4e2:   41 0f b6 5c 24 1d 41 0f b6 44 24 1c c1 e3 08 09
0x00007faf865af4f2:   c3 41 0f b6 44 24 1e 88 45 bd 41 0f b6 54 24 20 

Register to memory mapping:

RAX=0x00007faf887f92e0 is an unknown value
RBX=0x00007faf885dee80 is an unknown value
RCX=0x00007faf88000020 is an unknown value
RDX=0x00007faf887f92e0 is an unknown value
RSP=0x00007faf8e694f40 is pointing into the stack for thread: 0x00007faf88010800
RBP=0x00007faf8e694f90 is pointing into the stack for thread: 0x00007faf88010800
RSI=0x000000008000200c is an unknown value
RDI=0x0000000000000080 is an unknown value
R8 =0x00007faf88000258 is an unknown value
R9 =0x00007faf8e695010 is pointing into the stack for thread: 0x00007faf88010800
R10=0x00007faf775bda7c is at code_begin+1596 in an Interpreter codelet
method entry point (kind = native)  [0x00007faf775bd440, 0x00007faf775be420]  4064 bytes
R11=0x00007faf8dc25150: <offset 0x196150> in /lib/x86_64-linux-gnu/libc.so.6 at 0x00007faf8da8f000
R12=0x00007faf4a1a11a0 is an unknown value
R13=0x00007faf887f92e0 is an unknown value
R14=0x000000004eecb6d3 is an unknown value
R15=0x00007faf885df0e0 is an unknown value


Stack: [0x00007faf8e596000,0x00007faf8e697000],  sp=0x00007faf8e694f40,  free space=1019k
Native frames: (J=compiled Java code, j=interpreted, Vv=VM code, C=native code)
C  [libzip.so+0x124e2]  newEntry+0x62
C  [libzip.so+0x12c3f]  ZIP_GetEntry2+0xff
C  [libzip.so+0x3e90]  Java_java_util_zip_ZipFile_getEntry+0xf0
j  java.util.zip.ZipFile.getEntry(J[BZ)J+0
j  java.util.zip.ZipFile.getInputStream(Ljava/util/zip/ZipEntry;)Ljava/io/InputStream;+88
j  org.apache.poi.openxml4j.util.ZipSecureFile.getInputStream(Ljava/util/zip/ZipEntry;)Ljava/io/InputStream;+2
j  org.apache.poi.openxml4j.util.ZipFileZipEntrySource.getInputStream(Ljava/util/zip/ZipEntry;)Ljava/io/InputStream;+22
j  org.apache.poi.openxml4j.opc.ZipPackagePart.getInputStreamImpl()Ljava/io/InputStream;+14
j  org.apache.poi.openxml4j.opc.PackagePart.getInputStream()Ljava/io/InputStream;+1
j  org.apache.poi.POIXMLProperties.<init>(Lorg/apache/poi/openxml4j/opc/OPCPackage;)V+69
j  org.apache.poi.POIXMLDocument.getProperties()Lorg/apache/poi/POIXMLProperties;+16
j  org.apache.poi.POIXMLDocument.write(Ljava/io/OutputStream;)V+39
j  utils.ExcelFileModifier.writeToExcel(Ljava/lang/String;)V+71
j  utils.ExcelFileModifier.main([Ljava/lang/String;)V+2
v  ~StubRoutines::call_stub
V  [libjvm.so+0x697a76]  JavaCalls::call_helper(JavaValue*, methodHandle*, JavaCallArguments*, Thread*)+0x1056
V  [libjvm.so+0x6d91c2]  jni_invoke_static(JNIEnv_*, JavaValue*, _jobject*, JNICallType, _jmethodID*, JNI_ArgumentPusher*, Thread*)+0x362
V  [libjvm.so+0x6f5a2a]  jni_CallStaticVoidMethod+0x17a
C  [libjli.so+0x80ff]  JavaMain+0x81f
C  [libpthread.so.0+0x76ba]  start_thread+0xca

Java frames: (J=compiled Java code, j=interpreted, Vv=VM code)
j  java.util.zip.ZipFile.getEntry(J[BZ)J+0
j  java.util.zip.ZipFile.getInputStream(Ljava/util/zip/ZipEntry;)Ljava/io/InputStream;+88
j  org.apache.poi.openxml4j.util.ZipSecureFile.getInputStream(Ljava/util/zip/ZipEntry;)Ljava/io/InputStream;+2
j  org.apache.poi.openxml4j.util.ZipFileZipEntrySource.getInputStream(Ljava/util/zip/ZipEntry;)Ljava/io/InputStream;+22
j  org.apache.poi.openxml4j.opc.ZipPackagePart.getInputStreamImpl()Ljava/io/InputStream;+14
j  org.apache.poi.openxml4j.opc.PackagePart.getInputStream()Ljava/io/InputStream;+1
j  org.apache.poi.POIXMLProperties.<init>(Lorg/apache/poi/openxml4j/opc/OPCPackage;)V+69
j  org.apache.poi.POIXMLDocument.getProperties()Lorg/apache/poi/POIXMLProperties;+16
j  org.apache.poi.POIXMLDocument.write(Ljava/io/OutputStream;)V+39
j  utils.ExcelFileModifier.writeToExcel(Ljava/lang/String;)V+71
j  utils.ExcelFileModifier.main([Ljava/lang/String;)V+2
v  ~StubRoutines::call_stub

---------------  P R O C E S S  ---------------

Java Threads: ( => current thread )
  0x00007faf8853d800 JavaThread "Service Thread" daemon [_thread_blocked, id=22860, stack(0x00007faf4a2a3000,0x00007faf4a3a4000)]
  0x00007faf88538800 JavaThread "C1 CompilerThread3" daemon [_thread_blocked, id=22859, stack(0x00007faf4a3a4000,0x00007faf4a4a5000)]
  0x00007faf88536800 JavaThread "C2 CompilerThread2" daemon [_thread_blocked, id=22858, stack(0x00007faf4a4a5000,0x00007faf4a5a6000)]
  0x00007faf88530000 JavaThread "C2 CompilerThread1" daemon [_thread_blocked, id=22857, stack(0x00007faf4a5a6000,0x00007faf4a6a7000)]
  0x00007faf8852d800 JavaThread "C2 CompilerThread0" daemon [_thread_blocked, id=22856, stack(0x00007faf4a6a7000,0x00007faf4a7a8000)]
  0x00007faf38001000 JavaThread "JDWP Command Reader" daemon [_thread_in_native, id=22855, stack(0x00007faf4a9f5000,0x00007faf4aaf6000)]
  0x00007faf8821d000 JavaThread "JDWP Event Helper Thread" daemon [_thread_blocked, id=22853, stack(0x00007faf4aaf6000,0x00007faf4abf7000)]
  0x00007faf88219800 JavaThread "JDWP Transport Listener: dt_socket" daemon [_thread_blocked, id=22851, stack(0x00007faf4abf7000,0x00007faf4acf8000)]
  0x00007faf8820c000 JavaThread "Signal Dispatcher" daemon [_thread_blocked, id=22850, stack(0x00007faf4aefc000,0x00007faf4affd000)]
  0x00007faf881da000 JavaThread "Finalizer" daemon [_thread_blocked, id=22842, stack(0x00007faf4affd000,0x00007faf4b0fe000)]
  0x00007faf881d7800 JavaThread "Reference Handler" daemon [_thread_blocked, id=22841, stack(0x00007faf4b0fe000,0x00007faf4b1ff000)]
=>0x00007faf88010800 JavaThread "main" [_thread_in_native, id=22820, stack(0x00007faf8e596000,0x00007faf8e697000)]

Other Threads:
  0x00007faf881ce000 VMThread [stack: 0x00007faf4b1ff000,0x00007faf4b300000] [id=22839]
  0x00007faf88540800 WatcherThread [stack: 0x00007faf4a1a2000,0x00007faf4a2a3000] [id=22861]

VM state:not at safepoint (normal execution)

VM Mutex/Monitor currently owned by a thread: None

Heap:
 PSYoungGen      total 74752K, used 44095K [0x000000076cb80000, 0x0000000771e80000, 0x00000007c0000000)
  eden space 64512K, 68% used [0x000000076cb80000,0x000000076f68fca0,0x0000000770a80000)
  from space 10240K, 0% used [0x0000000771480000,0x0000000771480000,0x0000000771e80000)
  to   space 10240K, 0% used [0x0000000770a80000,0x0000000770a80000,0x0000000771480000)
 ParOldGen       total 171008K, used 0K [0x00000006c6200000, 0x00000006d0900000, 0x000000076cb80000)
  object space 171008K, 0% used [0x00000006c6200000,0x00000006c6200000,0x00000006d0900000)
 Metaspace       used 10373K, capacity 10438K, committed 10624K, reserved 1058816K
  class space    used 1260K, capacity 1301K, committed 1408K, reserved 1048576K

Card table byte_map: [0x00007faf76a0d000,0x00007faf771dd000] byte_map_base: 0x00007faf733dc000

Marking Bits: (ParMarkBitMap*) 0x00007faf8da620a0
 Begin Bits: [0x00007faf4c310000, 0x00007faf50188000)
 End Bits:   [0x00007faf50188000, 0x00007faf54000000)

Polling page: 0x00007faf8e6b4000

CodeCache: size=245760Kb used=1219Kb max_used=1219Kb free=244540Kb
 bounds [0x00007faf7759d000, 0x00007faf7780d000, 0x00007faf8659d000]
 total_blobs=366 nmethods=44 adapters=245
 compilation: enabled

Compilation events (10 events):
Event: 0.205 Thread 0x00007faf88538800 nmethod 21 0x00007faf776b7bd0 code [0x00007faf776b7d20, 0x00007faf776b7e30]
Event: 0.205 Thread 0x00007faf88538800   20       1       java.net.URL::getHost (5 bytes)
Event: 0.205 Thread 0x00007faf88538800 nmethod 20 0x00007faf776be450 code [0x00007faf776be5a0, 0x00007faf776be6b0]
Event: 0.212 Thread 0x00007faf88536800 nmethod 23% 0x00007faf776c1810 code [0x00007faf776c1980, 0x00007faf776c1e78]
Event: 21.077 Thread 0x00007faf8852d800   42       4       java.lang.StringBuilder::append (8 bytes)
Event: 21.084 Thread 0x00007faf8852d800 nmethod 42 0x00007faf776cd090 code [0x00007faf776cd200, 0x00007faf776cd798]
Event: 33.871 Thread 0x00007faf88538800   43  s    3       java.lang.StringBuffer::toString (36 bytes)
Event: 33.871 Thread 0x00007faf88538800 nmethod 43 0x00007faf776cc8d0 code [0x00007faf776cca60, 0x00007faf776ccf08]
Event: 46.701 Thread 0x00007faf88538800   44   !   3       java.net.URI::encode (142 bytes)
Event: 46.703 Thread 0x00007faf88538800 nmethod 44 0x00007faf776cdcd0 code [0x00007faf776cdfe0, 0x00007faf776cf828]

GC Heap History (0 events):
No events

Deoptimization events (0 events):
No events

Classes redefined (0 events):
No events

Internal exceptions (10 events):
Event: 7.027 Thread 0x00007faf88010800 Exception <a 'java/security/PrivilegedActionException'> (0x000000076e202eb8) thrown at [/HUDSON/workspace/8-2-build-linux-amd64/jdk8u181/11358/hotspot/src/share/vm/prims/jvm.cpp, line 1435]
Event: 7.027 Thread 0x00007faf88010800 Exception <a 'java/security/PrivilegedActionException'> (0x000000076e2032b0) thrown at [/HUDSON/workspace/8-2-build-linux-amd64/jdk8u181/11358/hotspot/src/share/vm/prims/jvm.cpp, line 1435]
Event: 7.034 Thread 0x00007faf88010800 Exception <a 'java/security/PrivilegedActionException'> (0x000000076e220b38) thrown at [/HUDSON/workspace/8-2-build-linux-amd64/jdk8u181/11358/hotspot/src/share/vm/prims/jvm.cpp, line 1435]
Event: 7.034 Thread 0x00007faf88010800 Exception <a 'java/security/PrivilegedActionException'> (0x000000076e220f30) thrown at [/HUDSON/workspace/8-2-build-linux-amd64/jdk8u181/11358/hotspot/src/share/vm/prims/jvm.cpp, line 1435]
Event: 7.036 Thread 0x00007faf88010800 Exception <a 'java/security/PrivilegedActionException'> (0x000000076e229a58) thrown at [/HUDSON/workspace/8-2-build-linux-amd64/jdk8u181/11358/hotspot/src/share/vm/prims/jvm.cpp, line 1435]
Event: 7.036 Thread 0x00007faf88010800 Exception <a 'java/security/PrivilegedActionException'> (0x000000076e229e50) thrown at [/HUDSON/workspace/8-2-build-linux-amd64/jdk8u181/11358/hotspot/src/share/vm/prims/jvm.cpp, line 1435]
Event: 7.038 Thread 0x00007faf88010800 Exception <a 'java/security/PrivilegedActionException'> (0x000000076e232a88) thrown at [/HUDSON/workspace/8-2-build-linux-amd64/jdk8u181/11358/hotspot/src/share/vm/prims/jvm.cpp, line 1435]
Event: 7.038 Thread 0x00007faf88010800 Exception <a 'java/security/PrivilegedActionException'> (0x000000076e232e80) thrown at [/HUDSON/workspace/8-2-build-linux-amd64/jdk8u181/11358/hotspot/src/share/vm/prims/jvm.cpp, line 1435]
Event: 7.040 Thread 0x00007faf88010800 Exception <a 'java/security/PrivilegedActionException'> (0x000000076e23be88) thrown at [/HUDSON/workspace/8-2-build-linux-amd64/jdk8u181/11358/hotspot/src/share/vm/prims/jvm.cpp, line 1435]
Event: 7.040 Thread 0x00007faf88010800 Exception <a 'java/security/PrivilegedActionException'> (0x000000076e23c280) thrown at [/HUDSON/workspace/8-2-build-linux-amd64/jdk8u181/11358/hotspot/src/share/vm/prims/jvm.cpp, line 1435]

Events (10 events):
Event: 107.565 loading class org/openxmlformats/schemas/officeDocument/x2006/customProperties/PropertiesDocument
Event: 107.565 loading class org/openxmlformats/schemas/officeDocument/x2006/customProperties/PropertiesDocument done
Event: 107.571 loading class org/openxmlformats/schemas/officeDocument/x2006/customProperties/impl/PropertiesDocumentImpl
Event: 107.571 loading class org/openxmlformats/schemas/officeDocument/x2006/customProperties/impl/PropertiesDocumentImpl done
Event: 107.577 loading class org/openxmlformats/schemas/officeDocument/x2006/customProperties/impl/CTPropertiesImpl
Event: 107.577 loading class org/openxmlformats/schemas/officeDocument/x2006/customProperties/impl/CTPropertiesImpl done
Event: 107.579 loading class org/openxmlformats/schemas/officeDocument/x2006/customProperties/CTProperties
Event: 107.579 loading class org/openxmlformats/schemas/officeDocument/x2006/customProperties/CTProperties done
Event: 107.582 loading class org/apache/poi/POIXMLProperties$CoreProperties
Event: 107.582 loading class org/apache/poi/POIXMLProperties$CoreProperties done


Dynamic libraries:
00400000-00401000 r-xp 00000000 08:01 10884297                           /usr/lib/jvm/java-8-oracle/bin/java
00600000-00601000 rw-p 00000000 08:01 10884297                           /usr/lib/jvm/java-8-oracle/bin/java
01910000-01931000 rw-p 00000000 00:00 0                                  [heap]
6c6200000-6d0900000 rw-p 00000000 00:00 0 
6d0900000-76cb80000 ---p 00000000 00:00 0 
76cb80000-771e80000 rw-p 00000000 00:00 0 
771e80000-7c0000000 ---p 00000000 00:00 0 
7c0000000-7c0160000 rw-p 00000000 00:00 0 
7c0160000-800000000 ---p 00000000 00:00 0 
7faf14000000-7faf14021000 rw-p 00000000 00:00 0 
7faf14021000-7faf18000000 ---p 00000000 00:00 0 
7faf18000000-7faf18021000 rw-p 00000000 00:00 0 
7faf18021000-7faf1c000000 ---p 00000000 00:00 0 
7faf1c000000-7faf1c062000 rw-p 00000000 00:00 0 
7faf1c062000-7faf20000000 ---p 00000000 00:00 0 
7faf20000000-7faf20078000 rw-p 00000000 00:00 0 
7faf20078000-7faf24000000 ---p 00000000 00:00 0 
7faf24000000-7faf24108000 rw-p 00000000 00:00 0 
7faf24108000-7faf28000000 ---p 00000000 00:00 0 
7faf28000000-7faf28024000 rw-p 00000000 00:00 0 
7faf28024000-7faf2c000000 ---p 00000000 00:00 0 
7faf2c000000-7faf2c026000 rw-p 00000000 00:00 0 
7faf2c026000-7faf30000000 ---p 00000000 00:00 0 
7faf30000000-7faf30021000 rw-p 00000000 00:00 0 
7faf30021000-7faf34000000 ---p 00000000 00:00 0 
7faf34000000-7faf34021000 rw-p 00000000 00:00 0 
7faf34021000-7faf38000000 ---p 00000000 00:00 0 
7faf38000000-7faf38024000 rw-p 00000000 00:00 0 
7faf38024000-7faf3c000000 ---p 00000000 00:00 0 
7faf3c000000-7faf3c021000 rw-p 00000000 00:00 0 
7faf3c021000-7faf40000000 ---p 00000000 00:00 0 
7faf40000000-7faf40021000 rw-p 00000000 00:00 0 
7faf40021000-7faf44000000 ---p 00000000 00:00 0 
7faf44000000-7faf44021000 rw-p 00000000 00:00 0 
7faf44021000-7faf48000000 ---p 00000000 00:00 0 
7faf49d0c000-7faf49f97000 rw-p 00000000 00:00 0 
7faf49f97000-7faf49f9c000 r--s 002f9000 08:01 13764987                   /usr/lib/jvm/java-8-oracle/jre/lib/charsets.jar
7faf49f9c000-7faf4a09c000 rw-p 00000000 00:00 0 
7faf4a09c000-7faf4a19c000 ---p 00000000 00:00 0 
7faf4a19c000-7faf4a1a1000 r--s 0009d000 08:01 13764994                   /usr/lib/jvm/java-8-oracle/jre/lib/jsse.jar
7faf4a1a1000-7faf4a1a2000 r--s 00001000 08:01 12456874                   /home/kajal/TestReport/TestSuits.xlsx
7faf4a1a2000-7faf4a1a3000 ---p 00000000 00:00 0 
7faf4a1a3000-7faf4a2a3000 rw-p 00000000 00:00 0 
7faf4a2a3000-7faf4a2a6000 ---p 00000000 00:00 0 
7faf4a2a6000-7faf4a3a4000 rw-p 00000000 00:00 0 
7faf4a3a4000-7faf4a3a7000 ---p 00000000 00:00 0 
7faf4a3a7000-7faf4a4a5000 rw-p 00000000 00:00 0 
7faf4a4a5000-7faf4a4a8000 ---p 00000000 00:00 0 
7faf4a4a8000-7faf4a5a6000 rw-p 00000000 00:00 0 
7faf4a5a6000-7faf4a5a9000 ---p 00000000 00:00 0 
7faf4a5a9000-7faf4a6a7000 rw-p 00000000 00:00 0 
7faf4a6a7000-7faf4a6aa000 ---p 00000000 00:00 0 
7faf4a6aa000-7faf4a7a8000 rw-p 00000000 00:00 0 
7faf4a7a8000-7faf4a7af000 r--s 00064000 07:01 394                        /snap/intellij-idea-community/90/lib/rt/debugger-agent.jar
7faf4a7af000-7faf4a7b1000 r--s 0001a000 07:01 298                        /snap/intellij-idea-community/90/lib/idea_rt.jar
7faf4a7b1000-7faf4a7bb000 r--s 00078000 08:01 16515935                   /home/kajal/.m2/repository/org/apache/commons/commons-compress/1.14/commons-compress-1.14.jar
7faf4a7bb000-7faf4a7bd000 r--s 00009000 08:01 16515933                   /home/kajal/.m2/repository/org/rauschig/jarchivelib/0.8.0/jarchivelib-0.8.0.jar
7faf4a7bd000-7faf4a7c2000 r--s 00036000 08:01 16515929                   /home/kajal/.m2/repository/com/google/code/gson/gson/2.8.5/gson-2.8.5.jar
7faf4a7c2000-7faf4a7c4000 r--s 00009000 08:01 15864779                   /home/kajal/.m2/repository/org/slf4j/slf4j-api/1.7.25/slf4j-api-1.7.25.jar
7faf4a7c4000-7faf4a7c6000 r--s 00010000 08:01 15735330                   /home/kajal/.m2/repository/io/github/bonigarcia/webdrivermanager/3.0.0/webdrivermanager-3.0.0.jar
7faf4a7c6000-7faf4a7cb000 r--s 00027000 08:01 16254209                   /home/kajal/.m2/repository/dk/brics/automaton/automaton/1.11-8/automaton-1.11-8.jar
7faf4a7cb000-7faf4a7cc000 r--s 00003000 08:01 16254206                   /home/kajal/.m2/repository/com/github/mifmif/generex/1.0.2/generex-1.0.2.jar
7faf4a7cc000-7faf4a7d4000 r--s 0006e000 08:01 16254207                   /home/kajal/.m2/repository/org/apache/commons/commons-lang3/3.5/commons-lang3-3.5.jar
7faf4a7d4000-7faf4a7dd000 r--s 00091000 08:01 15468760                   /home/kajal/.m2/repository/com/github/javafaker/javafaker/0.12/javafaker-0.12.jar
7faf4a7dd000-7faf4a7e1000 r--s 00015000 08:01 15205641                   /home/kajal/.m2/repository/com/github/virtuald/curvesapi/1.04/curvesapi-1.04.jar
7faf4a7e1000-7faf4a7e3000 r--s 00005000 08:01 15205638                   /home/kajal/.m2/repository/stax/stax-api/1.0.1/stax-api-1.0.1.jar
7faf4a7e3000-7faf4a821000 r--s 0025d000 08:01 15205614                   /home/kajal/.m2/repository/org/apache/xmlbeans/xmlbeans/2.6.0/xmlbeans-2.6.0.jar
7faf4a821000-7faf4a8dc000 r--s 004ec000 08:01 15205582                   /home/kajal/.m2/repository/org/apache/poi/poi-ooxml-schemas/3.17/poi-ooxml-schemas-3.17.jar
7faf4a8dc000-7faf4a8ef000 r--s 00157000 08:01 15205637                   /home/kajal/.m2/repository/org/apache/poi/poi-ooxml/3.17/poi-ooxml-3.17.jar
7faf4a8ef000-7faf4a8ff000 r--s 000a8000 08:01 15205603                   /home/kajal/.m2/repository/org/apache/commons/commons-collections4/4.1/commons-collections4-4.1.jar
7faf4a8ff000-7faf4a92b000 r--s 00268000 08:01 15205633                   /home/kajal/.m2/repository/org/apache/poi/poi/3.17/poi-3.17.jar
7faf4a92b000-7faf4a94c000 r--s 00168000 08:01 15205579                   /home/kajal/.m2/repository/org/apache/logging/log4j/log4j-core/2.11.1/log4j-core-2.11.1.jar
7faf4a94c000-7faf4a952000 r--s 0003b000 08:01 15205631                   /home/kajal/.m2/repository/org/apache/logging/log4j/log4j-api/2.11.1/log4j-api-2.11.1.jar
7faf4a952000-7faf4a956000 r--s 0002a000 08:01 15205606                   /home/kajal/.m2/repository/commons-io/commons-io/2.4/commons-io-2.4.jar
7faf4a956000-7faf4a957000 r--s 0002a000 08:01 15205605                   /home/kajal/.m2/repository/org/apache/directory/studio/org.apache.commons.io/2.4/org.apache.commons.io-2.4.jar
7faf4a957000-7faf4a958000 r--s 00003000 08:01 15467056                   /home/kajal/.m2/repository/org/seleniumhq/selenium/selenium-ie-driver/3.14.0/selenium-ie-driver-3.14.0.jar
7faf4a958000-7faf4a959000 r--s 00002000 08:01 15337478                   /home/kajal/.m2/repository/org/seleniumhq/selenium/selenium-chrome-driver/3.14.0/selenium-chrome-driver-3.14.0.jar
7faf4a959000-7faf4a95b000 r--s 000c3000 08:01 15467060                   /home/kajal/.m2/repository/org/seleniumhq/selenium/selenium-firefox-driver/3.14.0/selenium-firefox-driver-3.14.0.jar
7faf4a95b000-7faf4a960000 r--s 0005a000 08:01 15205627                   /home/kajal/.m2/repository/org/apache-extras/beanshell/bsh/2.0b6/bsh-2.0b6.jar
7faf4a960000-7faf4a962000 r--s 0000f000 08:01 15205588                   /home/kajal/.m2/repository/com/beust/jcommander/1.72/jcommander-1.72.jar
7faf4a962000-7faf4a977000 r--s 000b9000 08:01 15205592                   /home/kajal/.m2/repository/org/testng/testng/6.14.3/testng-6.14.3.jar
7faf4a977000-7faf4a97c000 r--s 00022000 08:01 15467051                   /home/kajal/.m2/repository/org/seleniumhq/selenium/selenium-support/3.14.0/selenium-support-3.14.0.jar
7faf4a97c000-7faf4a97e000 r--s 00001000 08:01 15467045                   /home/kajal/.m2/repository/org/seleniumhq/selenium/selenium-opera-driver/3.14.0/selenium-opera-driver-3.14.0.jar
7faf4a97e000-7faf4a983000 r--s 00060000 08:01 15467055                   /home/kajal/.m2/repository/com/squareup/okhttp3/okhttp/3.10.0/okhttp-3.10.0.jar
7faf4a983000-7faf4a9b5000 r--s 0026b000 08:01 15337472                   /home/kajal/.m2/repository/com/google/guava/guava/25.0-jre/guava-25.0-jre.jar
7faf4a9b5000-7faf4a9f5000 r--s 0029a000 08:01 15337470                   /home/kajal/.m2/repository/net/bytebuddy/byte-buddy/1.8.15/byte-buddy-1.8.15.jar
7faf4a9f5000-7faf4a9f8000 ---p 00000000 00:00 0 
7faf4a9f8000-7faf4aaf6000 rw-p 00000000 00:00 0 
7faf4aaf6000-7faf4aaf9000 ---p 00000000 00:00 0 
7faf4aaf9000-7faf4abf7000 rw-p 00000000 00:00 0 
7faf4abf7000-7faf4abfa000 ---p 00000000 00:00 0 
7faf4abfa000-7faf4acf8000 rw-p 00000000 00:00 0 
7faf4acf8000-7faf4acfc000 r-xp 00000000 08:01 13765018                   /usr/lib/jvm/java-8-oracle/jre/lib/amd64/libdt_socket.so
7faf4acfc000-7faf4aefb000 ---p 00004000 08:01 13765018                   /usr/lib/jvm/java-8-oracle/jre/lib/amd64/libdt_socket.so
7faf4aefb000-7faf4aefc000 rw-p 00003000 08:01 13765018                   /usr/lib/jvm/java-8-oracle/jre/lib/amd64/libdt_socket.so
7faf4aefc000-7faf4aeff000 ---p 00000000 00:00 0 
7faf4aeff000-7faf4affd000 rw-p 00000000 00:00 0 
7faf4affd000-7faf4b000000 ---p 00000000 00:00 0 
7faf4b000000-7faf4b0fe000 rw-p 00000000 00:00 0 
7faf4b0fe000-7faf4b101000 ---p 00000000 00:00 0 
7faf4b101000-7faf4b1ff000 rw-p 00000000 00:00 0 
7faf4b1ff000-7faf4b200000 ---p 00000000 00:00 0 
7faf4b200000-7faf54000000 rw-p 00000000 00:00 0 
7faf54000000-7faf54021000 rw-p 00000000 00:00 0 
7faf54021000-7faf58000000 ---p 00000000 00:00 0 
7faf58000000-7faf58021000 rw-p 00000000 00:00 0 
7faf58021000-7faf5c000000 ---p 00000000 00:00 0 
7faf5c000000-7faf5c021000 rw-p 00000000 00:00 0 
7faf5c021000-7faf60000000 ---p 00000000 00:00 0 
7faf60000000-7faf60021000 rw-p 00000000 00:00 0 
7faf60021000-7faf64000000 ---p 00000000 00:00 0 
7faf64000000-7faf64021000 rw-p 00000000 00:00 0 
7faf64021000-7faf68000000 ---p 00000000 00:00 0 
7faf68000000-7faf68021000 rw-p 00000000 00:00 0 
7faf68021000-7faf6c000000 ---p 00000000 00:00 0 
7faf6c000000-7faf6c021000 rw-p 00000000 00:00 0 
7faf6c021000-7faf70000000 ---p 00000000 00:00 0 
7faf70000000-7faf70021000 rw-p 00000000 00:00 0 
7faf70021000-7faf74000000 ---p 00000000 00:00 0 
7faf74000000-7faf74001000 r--s 00001000 08:01 15467043                   /home/kajal/.m2/repository/org/seleniumhq/selenium/selenium-edge-driver/3.14.0/selenium-edge-driver-3.14.0.jar
7faf74001000-7faf74002000 r--s 00000000 08:01 15206996                   /home/kajal/.m2/repository/org/seleniumhq/selenium/selenium-java/3.14.0/selenium-java-3.14.0.jar
7faf74002000-7faf74003000 r--s 00014000 08:01 15467057                   /home/kajal/.m2/repository/com/squareup/okio/okio/1.14.1/okio-1.14.1.jar
7faf74003000-7faf7400a000 r--s 00049000 08:01 15467053                   /home/kajal/.m2/repository/org/apache/httpcomponents/httpcore/4.4.9/httpcore-4.4.9.jar
7faf7400a000-7faf74018000 r--s 000ae000 08:01 15467046                   /home/kajal/.m2/repository/org/apache/httpcomponents/httpclient/4.5.5/httpclient-4.5.5.jar
7faf74018000-7faf7401a000 r--s 00001000 08:01 15205591                   /home/kajal/.m2/repository/com/google/j2objc/j2objc-annotations/1.1/j2objc-annotations-1.1.jar
7faf7401a000-7faf7401c000 r--s 00002000 08:01 15337477                   /home/kajal/.m2/repository/com/google/errorprone/error_prone_annotations/2.1.3/error_prone_annotations-2.1.3.jar
7faf7401c000-7faf7401e000 r--s 00006000 08:01 15337474                   /home/kajal/.m2/repository/org/checkerframework/checker-compat-qual/2.0.0/checker-compat-qual-2.0.0.jar
7faf7401e000-7faf74021000 r--s 00006000 08:01 15205585                   /home/kajal/.m2/repository/com/google/code/findbugs/jsr305/1.3.9/jsr305-1.3.9.jar
7faf74021000-7faf74023000 r--s 0000e000 08:01 15205593                   /home/kajal/.m2/repository/commons-logging/commons-logging/1.2/commons-logging-1.2.jar
7faf74023000-7faf7402a000 r--s 0003f000 08:01 15205634                   /home/kajal/.m2/repository/commons-codec/commons-codec/1.10/commons-codec-1.10.jar
7faf7402a000-7faf74030000 r--s 0004e000 08:01 15337468                   /home/kajal/.m2/repository/org/seleniumhq/selenium/selenium-remote-driver/3.14.0/selenium-remote-driver-3.14.0.jar
7faf74030000-7faf74040000 r--s 000a7000 08:01 15205566                   /home/kajal/.m2/repository/org/mongodb/mongodb-driver-core/3.0.4/mongodb-driver-core-3.0.4.jar
7faf74040000-7faf74058000 r--s 00132000 08:01 15205556                   /home/kajal/.m2/repository/org/freemarker/freemarker/2.3.23/freemarker-2.3.23.jar
7faf74058000-7faf74bb2000 rw-p 00000000 00:00 0 
7faf74bb2000-7faf74d8c000 r--s 03d6b000 08:01 13764989                   /usr/lib/jvm/java-8-oracle/jre/lib/rt.jar
7faf74d8c000-7faf75dd1000 rw-p 00000000 00:00 0 
7faf75dd1000-7faf75dd2000 ---p 00000000 00:00 0 
7faf75dd2000-7faf75ed2000 rw-p 00000000 00:00 0 
7faf75ed2000-7faf75ed3000 ---p 00000000 00:00 0 
7faf75ed3000-7faf75fd3000 rw-p 00000000 00:00 0 
7faf75fd3000-7faf75fd4000 ---p 00000000 00:00 0 
7faf75fd4000-7faf760d4000 rw-p 00000000 00:00 0 
7faf760d4000-7faf760d5000 ---p 00000000 00:00 0 
7faf760d5000-7faf761d5000 rw-p 00000000 00:00 0 
7faf761d5000-7faf761d6000 ---p 00000000 00:00 0 
7faf761d6000-7faf762d6000 rw-p 00000000 00:00 0 
7faf762d6000-7faf762d7000 ---p 00000000 00:00 0 
7faf762d7000-7faf763d7000 rw-p 00000000 00:00 0 
7faf763d7000-7faf763d8000 ---p 00000000 00:00 0 
7faf763d8000-7faf7652c000 rw-p 00000000 00:00 0 
7faf7652c000-7faf76a0d000 ---p 00000000 00:00 0 
7faf76a0d000-7faf76a61000 rw-p 00000000 00:00 0 
7faf76a61000-7faf76f41000 ---p 00000000 00:00 0 
7faf76f41000-7faf76f6c000 rw-p 00000000 00:00 0 
7faf76f6c000-7faf771dc000 ---p 00000000 00:00 0 
7faf771dc000-7faf771e7000 rw-p 00000000 00:00 0 
7faf771e7000-7faf7759d000 ---p 00000000 00:00 0 
7faf7759d000-7faf7780d000 rwxp 00000000 00:00 0 
7faf7780d000-7faf8659d000 ---p 00000000 00:00 0 
7faf8659d000-7faf865b8000 r-xp 00000000 08:01 13765045                   /usr/lib/jvm/java-8-oracle/jre/lib/amd64/libzip.so
7faf865b8000-7faf867b8000 ---p 0001b000 08:01 13765045                   /usr/lib/jvm/java-8-oracle/jre/lib/amd64/libzip.so
7faf867b8000-7faf867b9000 rw-p 0001b000 08:01 13765045                   /usr/lib/jvm/java-8-oracle/jre/lib/amd64/libzip.so
7faf867b9000-7faf867c4000 r-xp 00000000 08:01 4854446                    /lib/x86_64-linux-gnu/libnss_files-2.23.so
7faf867c4000-7faf869c3000 ---p 0000b000 08:01 4854446                    /lib/x86_64-linux-gnu/libnss_files-2.23.so
7faf869c3000-7faf869c4000 r--p 0000a000 08:01 4854446                    /lib/x86_64-linux-gnu/libnss_files-2.23.so
7faf869c4000-7faf869c5000 rw-p 0000b000 08:01 4854446                    /lib/x86_64-linux-gnu/libnss_files-2.23.so
7faf869c5000-7faf869cb000 rw-p 00000000 00:00 0 
7faf869cb000-7faf869d6000 r-xp 00000000 08:01 4854456                    /lib/x86_64-linux-gnu/libnss_nis-2.23.so
7faf869d6000-7faf86bd5000 ---p 0000b000 08:01 4854456                    /lib/x86_64-linux-gnu/libnss_nis-2.23.so
7faf86bd5000-7faf86bd6000 r--p 0000a000 08:01 4854456                    /lib/x86_64-linux-gnu/libnss_nis-2.23.so
7faf86bd6000-7faf86bd7000 rw-p 0000b000 08:01 4854456                    /lib/x86_64-linux-gnu/libnss_nis-2.23.so
7faf86bd7000-7faf86bed000 r-xp 00000000 08:01 4854440                    /lib/x86_64-linux-gnu/libnsl-2.23.so
7faf86bed000-7faf86dec000 ---p 00016000 08:01 4854440                    /lib/x86_64-linux-gnu/libnsl-2.23.so
7faf86dec000-7faf86ded000 r--p 00015000 08:01 4854440                    /lib/x86_64-linux-gnu/libnsl-2.23.so
7faf86ded000-7faf86dee000 rw-p 00016000 08:01 4854440                    /lib/x86_64-linux-gnu/libnsl-2.23.so
7faf86dee000-7faf86df0000 rw-p 00000000 00:00 0 
7faf86df0000-7faf86df8000 r-xp 00000000 08:01 4854442                    /lib/x86_64-linux-gnu/libnss_compat-2.23.so
7faf86df8000-7faf86ff7000 ---p 00008000 08:01 4854442                    /lib/x86_64-linux-gnu/libnss_compat-2.23.so
7faf86ff7000-7faf86ff8000 r--p 00007000 08:01 4854442                    /lib/x86_64-linux-gnu/libnss_compat-2.23.so
7faf86ff8000-7faf86ff9000 rw-p 00008000 08:01 4854442                    /lib/x86_64-linux-gnu/libnss_compat-2.23.so
7faf86ff9000-7faf87003000 r-xp 00000000 08:01 13765054                   /usr/lib/jvm/java-8-oracle/jre/lib/amd64/libinstrument.so
7faf87003000-7faf87202000 ---p 0000a000 08:01 13765054                   /usr/lib/jvm/java-8-oracle/jre/lib/amd64/libinstrument.so
7faf87202000-7faf87203000 rw-p 00009000 08:01 13765054                   /usr/lib/jvm/java-8-oracle/jre/lib/amd64/libinstrument.so
7faf87203000-7faf87bc2000 r--p 00000000 08:01 10623883                   /usr/lib/locale/locale-archive
7faf87bc2000-7faf87bc4000 r-xp 00000000 08:01 13765020                   /usr/lib/jvm/java-8-oracle/jre/lib/amd64/libnpt.so
7faf87bc4000-7faf87dc4000 ---p 00002000 08:01 13765020                   /usr/lib/jvm/java-8-oracle/jre/lib/amd64/libnpt.so
7faf87dc4000-7faf87dc5000 rw-p 00002000 08:01 13765020                   /usr/lib/jvm/java-8-oracle/jre/lib/amd64/libnpt.so
7faf87dc5000-7faf87dff000 r-xp 00000000 08:01 13765032                   /usr/lib/jvm/java-8-oracle/jre/lib/amd64/libjdwp.so
7faf87dff000-7faf87ffe000 ---p 0003a000 08:01 13765032                   /usr/lib/jvm/java-8-oracle/jre/lib/amd64/libjdwp.so
7faf87ffe000-7faf87fff000 rw-p 00039000 08:01 13765032                   /usr/lib/jvm/java-8-oracle/jre/lib/amd64/libjdwp.so
7faf87fff000-7faf88000000 rw-p 00000000 00:00 0 
7faf88000000-7faf888cd000 rw-p 00000000 00:00 0 
7faf888cd000-7faf8c000000 ---p 00000000 00:00 0 
7faf8c000000-7faf8c001000 r--s 00000000 08:01 15205613                   /home/kajal/.m2/repository/org/codehaus/mojo/animal-sniffer-annotations/1.14/animal-sniffer-annotations-1.14.jar
7faf8c001000-7faf8c003000 r--s 0000c000 08:01 15205581                   /home/kajal/.m2/repository/org/apache/commons/commons-exec/1.3/commons-exec-1.3.jar
7faf8c003000-7faf8c009000 r--s 00026000 08:01 15337466                   /home/kajal/.m2/repository/org/seleniumhq/selenium/selenium-api/3.14.0/selenium-api-3.14.0.jar
7faf8c009000-7faf8c00a000 r--s 00002000 08:01 15467047                   /home/kajal/.m2/repository/org/seleniumhq/selenium/selenium-safari-driver/3.14.0/selenium-safari-driver-3.14.0.jar
7faf8c00a000-7faf8c00f000 r--s 00032000 08:01 15205570                   /home/kajal/.m2/repository/org/mongodb/bson/3.0.4/bson-3.0.4.jar
7faf8c00f000-7faf8c015000 r--s 00048000 08:01 15205558                   /home/kajal/.m2/repository/org/mongodb/mongodb-driver/3.0.4/mongodb-driver-3.0.4.jar
7faf8c015000-7faf8c01b000 r--s 00047000 08:01 15205560                   /home/kajal/.m2/repository/org/jsoup/jsoup/1.8.3/jsoup-1.8.3.jar
7faf8c01b000-7faf8c02e000 r--s 00345000 08:01 13764993                   /usr/lib/jvm/java-8-oracle/jre/lib/resources.jar
7faf8c02e000-7faf8c041000 r--s 000d6000 08:01 13764980                   /usr/lib/jvm/java-8-oracle/jre/lib/plugin.jar
7faf8c041000-7faf8c042000 ---p 00000000 00:00 0 
7faf8c042000-7faf8c142000 rw-p 00000000 00:00 0 
7faf8c142000-7faf8c16d000 r-xp 00000000 08:01 13765039                   /usr/lib/jvm/java-8-oracle/jre/lib/amd64/libjava.so
7faf8c16d000-7faf8c36c000 ---p 0002b000 08:01 13765039                   /usr/lib/jvm/java-8-oracle/jre/lib/amd64/libjava.so
7faf8c36c000-7faf8c36e000 rw-p 0002a000 08:01 13765039                   /usr/lib/jvm/java-8-oracle/jre/lib/amd64/libjava.so
7faf8c36e000-7faf8c37b000 r-xp 00000000 08:01 13765044                   /usr/lib/jvm/java-8-oracle/jre/lib/amd64/libverify.so
7faf8c37b000-7faf8c57b000 ---p 0000d000 08:01 13765044                   /usr/lib/jvm/java-8-oracle/jre/lib/amd64/libverify.so
7faf8c57b000-7faf8c57d000 rw-p 0000d000 08:01 13765044                   /usr/lib/jvm/java-8-oracle/jre/lib/amd64/libverify.so
7faf8c57d000-7faf8c584000 r-xp 00000000 08:01 4854501                    /lib/x86_64-linux-gnu/librt-2.23.so
7faf8c584000-7faf8c783000 ---p 00007000 08:01 4854501                    /lib/x86_64-linux-gnu/librt-2.23.so
7faf8c783000-7faf8c784000 r--p 00006000 08:01 4854501                    /lib/x86_64-linux-gnu/librt-2.23.so
7faf8c784000-7faf8c785000 rw-p 00007000 08:01 4854501                    /lib/x86_64-linux-gnu/librt-2.23.so
7faf8c785000-7faf8c88d000 r-xp 00000000 08:01 4854417                    /lib/x86_64-linux-gnu/libm-2.23.so
7faf8c88d000-7faf8ca8c000 ---p 00108000 08:01 4854417                    /lib/x86_64-linux-gnu/libm-2.23.so
7faf8ca8c000-7faf8ca8d000 r--p 00107000 08:01 4854417                    /lib/x86_64-linux-gnu/libm-2.23.so
7faf8ca8d000-7faf8ca8e000 rw-p 00108000 08:01 4854417                    /lib/x86_64-linux-gnu/libm-2.23.so
7faf8ca8e000-7faf8d76a000 r-xp 00000000 08:01 14028559                   /usr/lib/jvm/java-8-oracle/jre/lib/amd64/server/libjvm.so
7faf8d76a000-7faf8d96a000 ---p 00cdc000 08:01 14028559                   /usr/lib/jvm/java-8-oracle/jre/lib/amd64/server/libjvm.so
7faf8d96a000-7faf8da44000 rw-p 00cdc000 08:01 14028559                   /usr/lib/jvm/java-8-oracle/jre/lib/amd64/server/libjvm.so
7faf8da44000-7faf8da8f000 rw-p 00000000 00:00 0 
7faf8da8f000-7faf8dc4f000 r-xp 00000000 08:01 4854347                    /lib/x86_64-linux-gnu/libc-2.23.so
7faf8dc4f000-7faf8de4f000 ---p 001c0000 08:01 4854347                    /lib/x86_64-linux-gnu/libc-2.23.so
7faf8de4f000-7faf8de53000 r--p 001c0000 08:01 4854347                    /lib/x86_64-linux-gnu/libc-2.23.so
7faf8de53000-7faf8de55000 rw-p 001c4000 08:01 4854347                    /lib/x86_64-linux-gnu/libc-2.23.so
7faf8de55000-7faf8de59000 rw-p 00000000 00:00 0 
7faf8de59000-7faf8de5c000 r-xp 00000000 08:01 4854371                    /lib/x86_64-linux-gnu/libdl-2.23.so
7faf8de5c000-7faf8e05b000 ---p 00003000 08:01 4854371                    /lib/x86_64-linux-gnu/libdl-2.23.so
7faf8e05b000-7faf8e05c000 r--p 00002000 08:01 4854371                    /lib/x86_64-linux-gnu/libdl-2.23.so
7faf8e05c000-7faf8e05d000 rw-p 00003000 08:01 4854371                    /lib/x86_64-linux-gnu/libdl-2.23.so
7faf8e05d000-7faf8e073000 r-xp 00000000 08:01 13372778                   /usr/lib/jvm/java-8-oracle/lib/amd64/jli/libjli.so
7faf8e073000-7faf8e272000 ---p 00016000 08:01 13372778                   /usr/lib/jvm/java-8-oracle/lib/amd64/jli/libjli.so
7faf8e272000-7faf8e273000 rw-p 00015000 08:01 13372778                   /usr/lib/jvm/java-8-oracle/lib/amd64/jli/libjli.so
7faf8e273000-7faf8e28b000 r-xp 00000000 08:01 4854493                    /lib/x86_64-linux-gnu/libpthread-2.23.so
7faf8e28b000-7faf8e48a000 ---p 00018000 08:01 4854493                    /lib/x86_64-linux-gnu/libpthread-2.23.so
7faf8e48a000-7faf8e48b000 r--p 00017000 08:01 4854493                    /lib/x86_64-linux-gnu/libpthread-2.23.so
7faf8e48b000-7faf8e48c000 rw-p 00018000 08:01 4854493                    /lib/x86_64-linux-gnu/libpthread-2.23.so
7faf8e48c000-7faf8e490000 rw-p 00000000 00:00 0 
7faf8e490000-7faf8e4b6000 r-xp 00000000 08:01 4854319                    /lib/x86_64-linux-gnu/ld-2.23.so
7faf8e4b6000-7faf8e4bb000 r--s 004ef000 08:01 15205562                   /home/kajal/.m2/repository/org/xerial/sqlite-jdbc/3.8.11.1/sqlite-jdbc-3.8.11.1.jar
7faf8e4bb000-7faf8e4bf000 r--s 001b0000 08:01 15205554                   /home/kajal/.m2/repository/com/relevantcodes/extentreports/2.41.0/extentreports-2.41.0.jar
7faf8e4bf000-7faf8e4c0000 r--s 00000000 08:01 13764973                   /usr/lib/jvm/java-8-oracle/jre/lib/management-agent.jar
7faf8e4c0000-7faf8e4c5000 r--s 0009d000 08:01 13764994                   /usr/lib/jvm/java-8-oracle/jre/lib/jsse.jar
7faf8e4c5000-7faf8e4c7000 r--s 00007000 08:01 13765067                   /usr/lib/jvm/java-8-oracle/jre/lib/jfxswt.jar
7faf8e4c7000-7faf8e4d0000 r--s 0006d000 08:01 13764976                   /usr/lib/jvm/java-8-oracle/jre/lib/javaws.jar
7faf8e4d0000-7faf8e4ec000 r--s 0020b000 08:01 13764967                   /usr/lib/jvm/java-8-oracle/jre/lib/deploy.jar
7faf8e4ec000-7faf8e596000 rw-p 00000000 00:00 0 
7faf8e596000-7faf8e599000 ---p 00000000 00:00 0 
7faf8e599000-7faf8e69c000 rw-p 00000000 00:00 0 
7faf8e69c000-7faf8e6a1000 r--s 00084000 08:01 13764966                   /usr/lib/jvm/java-8-oracle/jre/lib/jfr.jar
7faf8e6a1000-7faf8e6a4000 r--s 0001a000 08:01 13765065                   /usr/lib/jvm/java-8-oracle/jre/lib/jce.jar
7faf8e6a4000-7faf8e6a9000 r--s 002f9000 08:01 13764987                   /usr/lib/jvm/java-8-oracle/jre/lib/charsets.jar
7faf8e6a9000-7faf8e6ab000 r--s 00001000 07:01 393                        /snap/intellij-idea-community/90/lib/rt/debugger-agent-storage.jar
7faf8e6ab000-7faf8e6b3000 rw-s 00000000 08:01 11809790                   /tmp/hsperfdata_kajal/22819
7faf8e6b3000-7faf8e6b4000 rw-p 00000000 00:00 0 
7faf8e6b4000-7faf8e6b5000 r--p 00000000 00:00 0 
7faf8e6b5000-7faf8e6b6000 r--p 00025000 08:01 4854319                    /lib/x86_64-linux-gnu/ld-2.23.so
7faf8e6b6000-7faf8e6b7000 rw-p 00026000 08:01 4854319                    /lib/x86_64-linux-gnu/ld-2.23.so
7faf8e6b7000-7faf8e6b8000 rw-p 00000000 00:00 0 
7fffeeac3000-7fffeeae6000 rw-p 00000000 00:00 0                          [stack]
7fffeeafd000-7fffeeb00000 r--p 00000000 00:00 0                          [vvar]
7fffeeb00000-7fffeeb02000 r-xp 00000000 00:00 0                          [vdso]
ffffffffff600000-ffffffffff601000 r-xp 00000000 00:00 0                  [vsyscall]

VM Arguments:
jvm_args: -agentlib:jdwp=transport=dt_socket,address=127.0.0.1:39523,suspend=y,server=n -javaagent:/snap/intellij-idea-community/90/lib/rt/debugger-agent.jar=file:/tmp/capture.props -Dfile.encoding=UTF-8 
java_command: utils.ExcelFileModifier
java_class_path (initial): /usr/lib/jvm/java-8-oracle/jre/lib/charsets.jar:/usr/lib/jvm/java-8-oracle/jre/lib/deploy.jar:/usr/lib/jvm/java-8-oracle/jre/lib/ext/cldrdata.jar:/usr/lib/jvm/java-8-oracle/jre/lib/ext/dnsns.jar:/usr/lib/jvm/java-8-oracle/jre/lib/ext/jaccess.jar:/usr/lib/jvm/java-8-oracle/jre/lib/ext/jfxrt.jar:/usr/lib/jvm/java-8-oracle/jre/lib/ext/localedata.jar:/usr/lib/jvm/java-8-oracle/jre/lib/ext/nashorn.jar:/usr/lib/jvm/java-8-oracle/jre/lib/ext/sunec.jar:/usr/lib/jvm/java-8-oracle/jre/lib/ext/sunjce_provider.jar:/usr/lib/jvm/java-8-oracle/jre/lib/ext/sunpkcs11.jar:/usr/lib/jvm/java-8-oracle/jre/lib/ext/zipfs.jar:/usr/lib/jvm/java-8-oracle/jre/lib/javaws.jar:/usr/lib/jvm/java-8-oracle/jre/lib/jce.jar:/usr/lib/jvm/java-8-oracle/jre/lib/jfr.jar:/usr/lib/jvm/java-8-oracle/jre/lib/jfxswt.jar:/usr/lib/jvm/java-8-oracle/jre/lib/jsse.jar:/usr/lib/jvm/java-8-oracle/jre/lib/management-agent.jar:/usr/lib/jvm/java-8-oracle/jre/lib/plugin.jar:/usr/lib/jvm/java-8-oracle/jre/lib/resources.jar:/usr/lib/jvm/java-8-oracle/jre/lib/rt.jar:/home/kajal/IdeaProjects/rzt_ui_automation_v1/target/classes:/home/kajal/.m2/repository/com/relevantcodes/extentreports/2.41.0/extentreports-2.41.0.jar:/home/kajal/.m2/repository/org/jsoup/jsoup/1.8.3/jsoup-1.8.3.jar:/home/kajal/.m2/repository/org/xerial/sqlite-jdbc/3.8.11.1/sqlite-jdbc-3.8.11.1.jar:/home/kajal/.m2/repository/org/freemarker/freemarker/2.3.23/freemarker-2.3.23.jar:/home/kajal/.m2/repository/org/mongodb/mongodb-driver/3.0.4/mongodb-driver-3.0.4.jar:/home/kajal/.m2/repository/org/mongodb/bson/3.0.4/bson-3.0.4.jar:/home/kajal/.m2/repository/org/mongodb/mongodb-driver-core/3.0.4/mongodb-driver-core-3.0.4.jar:/home/kajal/.m2/repository/org/seleniumhq/selenium/selenium-safari-driver/3.14.0/selenium-safari-driver-3.14.0.jar:/home/kajal/.m2/repository/org/seleniumhq/selenium/selenium-api/3.14.0/selenium-api-3.14.0.jar:/home/kajal/.m2/repository/org/seleniumhq/selenium/selenium-remote-driver/3.14.0/selenium-remote-driver-3.14
Launcher Type: SUN_STANDARD

Environment Variables:
JAVA_HOME=/usr/lib/jvm/java-8-oracle
PATH=/home/kajal/bin:/home/kajal/.local/bin:/usr/local/sbin:/usr/local/bin:/usr/sbin:/usr/bin:/sbin:/bin:/usr/games:/usr/local/games:/snap/bin:/usr/lib/jvm/java-8-oracle/bin:/usr/lib/jvm/java-8-oracle/db/bin:/usr/lib/jvm/java-8-oracle/jre/bin
SHELL=/bin/bash
DISPLAY=:0

Signal Handlers:
SIGSEGV: [libjvm.so+0xad2a40], sa_mask[0]=11111111011111111101111111111110, sa_flags=SA_RESTART|SA_SIGINFO
SIGBUS: [libjvm.so+0xad2a40], sa_mask[0]=11111111011111111101111111111110, sa_flags=SA_RESTART|SA_SIGINFO
SIGFPE: [libjvm.so+0x92a610], sa_mask[0]=11111111011111111101111111111110, sa_flags=SA_RESTART|SA_SIGINFO
SIGPIPE: [libjvm.so+0x92a610], sa_mask[0]=11111111011111111101111111111110, sa_flags=SA_RESTART|SA_SIGINFO
SIGXFSZ: [libjvm.so+0x92a610], sa_mask[0]=11111111011111111101111111111110, sa_flags=SA_RESTART|SA_SIGINFO
SIGILL: [libjvm.so+0x92a610], sa_mask[0]=11111111011111111101111111111110, sa_flags=SA_RESTART|SA_SIGINFO
SIGUSR1: SIG_DFL, sa_mask[0]=00000000000000000000000000000000, sa_flags=none
SIGUSR2: [libjvm.so+0x92be70], sa_mask[0]=00100000000000000000000000000000, sa_flags=SA_RESTART|SA_SIGINFO
SIGHUP: [libjvm.so+0x92d270], sa_mask[0]=11111111011111111101111111111110, sa_flags=SA_RESTART|SA_SIGINFO
SIGINT: [libjvm.so+0x92d270], sa_mask[0]=11111111011111111101111111111110, sa_flags=SA_RESTART|SA_SIGINFO
SIGTERM: [libjvm.so+0x92d270], sa_mask[0]=11111111011111111101111111111110, sa_flags=SA_RESTART|SA_SIGINFO
SIGQUIT: [libjvm.so+0x92d270], sa_mask[0]=11111111011111111101111111111110, sa_flags=SA_RESTART|SA_SIGINFO


---------------  S Y S T E M  ---------------

OS:DISTRIB_ID=Ubuntu
DISTRIB_RELEASE=16.04
DISTRIB_CODENAME=xenial
DISTRIB_DESCRIPTION="Ubuntu 16.04.5 LTS"

uname:Linux 4.15.0-36-generic #39~16.04.1-Ubuntu SMP Tue Sep 25 08:59:23 UTC 2018 x86_64
libc:glibc 2.23 NPTL 2.23 
rlimit: STACK 8192k, CORE 0k, NPROC 63731, NOFILE 1048576, AS infinity
load average:0.54 0.63 0.56

/proc/meminfo:
MemTotal:       16374840 kB
MemFree:         6885296 kB
MemAvailable:   10002704 kB
Buffers:          425960 kB
Cached:          2980240 kB
SwapCached:            0 kB
Active:          6792224 kB
Inactive:        1750020 kB
Active(anon):    5139824 kB
Inactive(anon):   174320 kB
Active(file):    1652400 kB
Inactive(file):  1575700 kB
Unevictable:         144 kB
Mlocked:             144 kB
SwapTotal:        999420 kB
SwapFree:         999420 kB
Dirty:              5752 kB
Writeback:             0 kB
AnonPages:       5136400 kB
Mapped:           806684 kB
Shmem:            178104 kB
Slab:             304888 kB
SReclaimable:     227400 kB
SUnreclaim:        77488 kB
KernelStack:       23504 kB
PageTables:        99088 kB
NFS_Unstable:          0 kB
Bounce:                0 kB
WritebackTmp:          0 kB
CommitLimit:     9186840 kB
Committed_AS:   19558780 kB
VmallocTotal:   34359738367 kB
VmallocUsed:           0 kB
VmallocChunk:          0 kB
HardwareCorrupted:     0 kB
AnonHugePages:         0 kB
ShmemHugePages:        0 kB
ShmemPmdMapped:        0 kB
CmaTotal:              0 kB
CmaFree:               0 kB
HugePages_Total:       0
HugePages_Free:        0
HugePages_Rsvd:        0
HugePages_Surp:        0
Hugepagesize:       2048 kB
DirectMap4k:      961272 kB
DirectMap2M:    15765504 kB


CPU:total 8 (initial active 8) (4 cores per cpu, 2 threads per core) family 6 model 42 stepping 7, cmov, cx8, fxsr, mmx, sse, sse2, sse3, ssse3, sse4.1, sse4.2, popcnt, avx, aes, clmul, ht, tsc, tscinvbit

/proc/cpuinfo:
processor	: 0
vendor_id	: GenuineIntel
cpu family	: 6
model		: 42
model name	: Intel(R) Core(TM) i7-2820QM CPU @ 2.30GHz
stepping	: 7
microcode	: 0x2e
cpu MHz		: 2287.146
cache size	: 8192 KB
physical id	: 0
siblings	: 8
core id		: 0
cpu cores	: 4
apicid		: 0
initial apicid	: 0
fpu		: yes
fpu_exception	: yes
cpuid level	: 13
wp		: yes
flags		: fpu vme de pse tsc msr pae mce cx8 apic sep mtrr pge mca cmov pat pse36 clflush dts acpi mmx fxsr sse sse2 ss ht tm pbe syscall nx rdtscp lm constant_tsc arch_perfmon pebs bts rep_good nopl xtopology nonstop_tsc cpuid aperfmperf pni pclmulqdq dtes64 monitor ds_cpl vmx smx est tm2 ssse3 cx16 xtpr pdcm pcid sse4_1 sse4_2 x2apic popcnt tsc_deadline_timer aes xsave avx lahf_lm epb pti ssbd ibrs ibpb stibp tpr_shadow vnmi flexpriority ept vpid xsaveopt dtherm ida arat pln pts flush_l1d
bugs		: cpu_meltdown spectre_v1 spectre_v2 spec_store_bypass l1tf
bogomips	: 4589.62
clflush size	: 64
cache_alignment	: 64
address sizes	: 36 bits physical, 48 bits virtual
power management:

processor	: 1
vendor_id	: GenuineIntel
cpu family	: 6
model		: 42
model name	: Intel(R) Core(TM) i7-2820QM CPU @ 2.30GHz
stepping	: 7
microcode	: 0x2e
cpu MHz		: 2256.330
cache size	: 8192 KB
physical id	: 0
siblings	: 8
core id		: 0
cpu cores	: 4
apicid		: 1
initial apicid	: 1
fpu		: yes
fpu_exception	: yes
cpuid level	: 13
wp		: yes
flags		: fpu vme de pse tsc msr pae mce cx8 apic sep mtrr pge mca cmov pat pse36 clflush dts acpi mmx fxsr sse sse2 ss ht tm pbe syscall nx rdtscp lm constant_tsc arch_perfmon pebs bts rep_good nopl xtopology nonstop_tsc cpuid aperfmperf pni pclmulqdq dtes64 monitor ds_cpl vmx smx est tm2 ssse3 cx16 xtpr pdcm pcid sse4_1 sse4_2 x2apic popcnt tsc_deadline_timer aes xsave avx lahf_lm epb pti ssbd ibrs ibpb stibp tpr_shadow vnmi flexpriority ept vpid xsaveopt dtherm ida arat pln pts flush_l1d
bugs		: cpu_meltdown spectre_v1 spectre_v2 spec_store_bypass l1tf
bogomips	: 4589.62
clflush size	: 64
cache_alignment	: 64
address sizes	: 36 bits physical, 48 bits virtual
power management:

processor	: 2
vendor_id	: GenuineIntel
cpu family	: 6
model		: 42
model name	: Intel(R) Core(TM) i7-2820QM CPU @ 2.30GHz
stepping	: 7
microcode	: 0x2e
cpu MHz		: 2170.292
cache size	: 8192 KB
physical id	: 0
siblings	: 8
core id		: 1
cpu cores	: 4
apicid		: 2
initial apicid	: 2
fpu		: yes
fpu_exception	: yes
cpuid level	: 13
wp		: yes
flags		: fpu vme de pse tsc msr pae mce cx8 apic sep mtrr pge mca cmov pat pse36 clflush dts acpi mmx fxsr sse sse2 ss ht tm pbe syscall nx rdtscp lm constant_tsc arch_perfmon pebs bts rep_good nopl xtopology nonstop_tsc cpuid aperfmperf pni pclmulqdq dtes64 monitor ds_cpl vmx smx est tm2 ssse3 cx16 xtpr pdcm pcid sse4_1 sse4_2 x2apic popcnt tsc_deadline_timer aes xsave avx lahf_lm epb pti ssbd ibrs ibpb stibp tpr_shadow vnmi flexpriority ept vpid xsaveopt dtherm ida arat pln pts flush_l1d
bugs		: cpu_meltdown spectre_v1 spectre_v2 spec_store_bypass l1tf
bogomips	: 4589.62
clflush size	: 64
cache_alignment	: 64
address sizes	: 36 bits physical, 48 bits virtual
power management:

processor	: 3
vendor_id	: GenuineIntel
cpu family	: 6
model		: 42
model name	: Intel(R) Core(TM) i7-2820QM CPU @ 2.30GHz
stepping	: 7
microcode	: 0x2e
cpu MHz		: 2275.964
cache size	: 8192 KB
physical id	: 0
siblings	: 8
core id		: 1
cpu cores	: 4
apicid		: 3
initial apicid	: 3
fpu		: yes
fpu_exception	: yes
cpuid level	: 13
wp		: yes
flags		: fpu vme de pse tsc msr pae mce cx8 apic sep mtrr pge mca cmov pat pse36 clflush dts acpi mmx fxsr sse sse2 ss ht tm pbe syscall nx rdtscp lm constant_tsc arch_perfmon pebs bts rep_good nopl xtopology nonstop_tsc cpuid aperfmperf pni pclmulqdq dtes64 monitor ds_cpl vmx smx est tm2 ssse3 cx16 xtpr pdcm pcid sse4_1 sse4_2 x2apic popcnt tsc_deadline_timer aes xsave avx lahf_lm epb pti ssbd ibrs ibpb stibp tpr_shadow vnmi flexpriority ept vpid xsaveopt dtherm ida arat pln pts flush_l1d
bugs		: cpu_meltdown spectre_v1 spectre_v2 spec_store_bypass l1tf
bogomips	: 4589.62
clflush size	: 64
cache_alignment	: 64
address sizes	: 36 bits physical, 48 bits virtual
power management:

processor	: 4
vendor_id	: GenuineIntel
cpu family	: 6
model		: 42
model name	: Intel(R) Core(TM) i7-2820QM CPU @ 2.30GHz
stepping	: 7
microcode	: 0x2e
cpu MHz		: 2071.589
cache size	: 8192 KB
physical id	: 0
siblings	: 8
core id		: 2
cpu cores	: 4
apicid		: 4
initial apicid	: 4
fpu		: yes
fpu_exception	: yes
cpuid level	: 13
wp		: yes
flags		: fpu vme de pse tsc msr pae mce cx8 apic sep mtrr pge mca cmov pat pse36 clflush dts acpi mmx fxsr sse sse2 ss ht tm pbe syscall nx rdtscp lm constant_tsc arch_perfmon pebs bts rep_good nopl xtopology nonstop_tsc cpuid aperfmperf pni pclmulqdq dtes64 monitor ds_cpl vmx smx est tm2 ssse3 cx16 xtpr pdcm pcid sse4_1 sse4_2 x2apic popcnt tsc_deadline_timer aes xsave avx lahf_lm epb pti ssbd ibrs ibpb stibp tpr_shadow vnmi flexpriority ept vpid xsaveopt dtherm ida arat pln pts flush_l1d
bugs		: cpu_meltdown spectre_v1 spectre_v2 spec_store_bypass l1tf
bogomips	: 4589.62
clflush size	: 64
cache_alignment	: 64
address sizes	: 36 bits physical, 48 bits virtual
power management:

processor	: 5
vendor_id	: GenuineIntel
cpu family	: 6
model		: 42
model name	: Intel(R) Core(TM) i7-2820QM CPU @ 2.30GHz
stepping	: 7
microcode	: 0x2e
cpu MHz		: 2115.374
cache size	: 8192 KB
physical id	: 0
siblings	: 8
core id		: 2
cpu cores	: 4
apicid		: 5
initial apicid	: 5
fpu		: yes
fpu_exception	: yes
cpuid level	: 13
wp		: yes
flags		: fpu vme de pse tsc msr pae mce cx8 apic sep mtrr pge mca cmov pat pse36 clflush dts acpi mmx fxsr sse sse2 ss ht tm pbe syscall nx rdtscp lm constant_tsc arch_perfmon pebs bts rep_good nopl xtopology nonstop_tsc cpuid aperfmperf pni pclmulqdq dtes64 monitor ds_cpl vmx smx est tm2 ssse3 cx16 xtpr pdcm pcid sse4_1 sse4_2 x2apic popcnt tsc_deadline_timer aes xsave avx lahf_lm epb pti ssbd ibrs ibpb stibp tpr_shadow vnmi flexpriority ept vpid xsaveopt dtherm ida arat pln pts flush_l1d
bugs		: cpu_meltdown spectre_v1 spectre_v2 spec_store_bypass l1tf
bogomips	: 4589.62
clflush size	: 64
cache_alignment	: 64
address sizes	: 36 bits physical, 48 bits virtual
power management:

processor	: 6
vendor_id	: GenuineIntel
cpu family	: 6
model		: 42
model name	: Intel(R) Core(TM) i7-2820QM CPU @ 2.30GHz
stepping	: 7
microcode	: 0x2e
cpu MHz		: 1990.809
cache size	: 8192 KB
physical id	: 0
siblings	: 8
core id		: 3
cpu cores	: 4
apicid		: 6
initial apicid	: 6
fpu		: yes
fpu_exception	: yes
cpuid level	: 13
wp		: yes
flags		: fpu vme de pse tsc msr pae mce cx8 apic sep mtrr pge mca cmov pat pse36 clflush dts acpi mmx fxsr sse sse2 ss ht tm pbe syscall nx rdtscp lm constant_tsc arch_perfmon pebs bts rep_good nopl xtopology nonstop_tsc cpuid aperfmperf pni pclmulqdq dtes64 monitor ds_cpl vmx smx est tm2 ssse3 cx16 xtpr pdcm pcid sse4_1 sse4_2 x2apic popcnt tsc_deadline_timer aes xsave avx lahf_lm epb pti ssbd ibrs ibpb stibp tpr_shadow vnmi flexpriority ept vpid xsaveopt dtherm ida arat pln pts flush_l1d
bugs		: cpu_meltdown spectre_v1 spectre_v2 spec_store_bypass l1tf
bogomips	: 4589.62
clflush size	: 64
cache_alignment	: 64
address sizes	: 36 bits physical, 48 bits virtual
power management:

processor	: 7
vendor_id	: GenuineIntel
cpu family	: 6
model		: 42
model name	: Intel(R) Core(TM) i7-2820QM CPU @ 2.30GHz
stepping	: 7
microcode	: 0x2e
cpu MHz		: 2047.296
cache size	: 8192 KB
physical id	: 0
siblings	: 8
core id		: 3
cpu cores	: 4
apicid		: 7
initial apicid	: 7
fpu		: yes
fpu_exception	: yes
cpuid level	: 13
wp		: yes
flags		: fpu vme de pse tsc msr pae mce cx8 apic sep mtrr pge mca cmov pat pse36 clflush dts acpi mmx fxsr sse sse2 ss ht tm pbe syscall nx rdtscp lm constant_tsc arch_perfmon pebs bts rep_good nopl xtopology nonstop_tsc cpuid aperfmperf pni pclmulqdq dtes64 monitor ds_cpl vmx smx est tm2 ssse3 cx16 xtpr pdcm pcid sse4_1 sse4_2 x2apic popcnt tsc_deadline_timer aes xsave avx lahf_lm epb pti ssbd ibrs ibpb stibp tpr_shadow vnmi flexpriority ept vpid xsaveopt dtherm ida arat pln pts flush_l1d
bugs		: cpu_meltdown spectre_v1 spectre_v2 spec_store_bypass l1tf
bogomips	: 4589.62
clflush size	: 64
cache_alignment	: 64
address sizes	: 36 bits physical, 48 bits virtual
power management:



Memory: 4k page, physical 16374840k(6885296k free), swap 999420k(999420k free)

vm_info: Java HotSpot(TM) 64-Bit Server VM (25.181-b13) for linux-amd64 JRE (1.8.0_181-b13), built on Jul  7 2018 00:56:38 by "java_re" with gcc 4.3.0 20080428 (Red Hat 4.3.0-8)

time: Tue Oct 23 11:08:35 2018
elapsed time: 107 seconds (0d 0h 1m 47s)

