#
# A fatal error has been detected by the Java Runtime Environment:
#
#  SIGBUS (0x7) at pc=0x00007f536a9ed4e2, pid=15643, tid=0x00007f5372aa8700
#
# JRE version: Java(TM) SE Runtime Environment (8.0_181-b13) (build 1.8.0_181-b13)
# Java VM: Java HotSpot(TM) 64-Bit Server VM (25.181-b13 mixed mode linux-amd64 compressed oops)
# Problematic frame:
# C  [libzip.so+0x124e2]  newEntry+0x62
#
# Failed to write core dump. Core dumps have been disabled. To enable core dumping, try "ulimit -c unlimited" before starting Java again
#
# If you would like to submit a bug report, please visit:
#   http://bugreport.java.com/bugreport/crash.jsp
# The crash happened outside the Java Virtual Machine in native code.
# See problematic frame for where to report the bug.
#

---------------  T H R E A D  ---------------

Current thread (0x00007f536c010800):  JavaThread "main" [_thread_in_native, id=15644, stack(0x00007f53729a8000,0x00007f5372aa9000)]

siginfo: si_signo: 7 (SIGBUS), si_code: 2 (BUS_ADRERR), si_addr: 0x00007f53522a31a5

Registers:
RAX=0x00007f536c7f97a0, RBX=0x00007f536c5d6ce0, RCX=0x00007f536c000020, RDX=0x00007f536c7f97a0
RSP=0x00007f5372aa6f40, RBP=0x00007f5372aa6f90, RSI=0x0000000040000004, RDI=0x0000000000000190
R8 =0x00007f536c000438, R9 =0x00007f5372aa7010, R10=0x00007f535b9fba7c, R11=0x00007f5372037150
R12=0x00007f53522a3188, R13=0x00007f536c7f97a0, R14=0x000000004eecb6d3, R15=0x00007f536c5d6c00
RIP=0x00007f536a9ed4e2, EFLAGS=0x0000000000010206, CSGSFS=0x002b000000000033, ERR=0x0000000000000004
  TRAPNO=0x000000000000000e

Top of Stack: (sp=0x00007f5372aa6f40)
0x00007f5372aa6f40:   00007f5372aa6f80 00007f5300000000
0x00007f5372aa6f50:   00000007c00007a8 00007f5371788eae
0x00007f5372aa6f60:   00007f536c7f97a0 00007f536c5d6ce0
0x00007f5372aa6f70:   00007f536c8a3ec0 00007f536c5d6c00
0x00007f5372aa6f80:   000000004eecb6d3 0000000000000010
0x00007f5372aa6f90:   00007f5372aa6ff0 00007f536a9edc3f
0x00007f5372aa6fa0:   00007f536c010800 00007f537166fcd1
0x00007f5372aa6fb0:   00007f5372aa7010 00007f5372aa7021
0x00007f5372aa6fc0:   00007f5372aa701f 00007f5372aa7010
0x00007f5372aa6fd0:   0000000000000010 00007f536c0109f8
0x00007f5372aa6fe0:   00007f5372aa74e8 0000000000000000
0x00007f5372aa6ff0:   00007f5372aa7450 00007f536a9dee90
0x00007f5372aa7000:   00007f5372aa7260 00007f536c5d6c00
0x00007f5372aa7010:   73706f7250636f64 6c6d782e7070612f
0x00007f5372aa7020:   00007f5372aa7100 00007f5372aa71c0
0x00007f5372aa7030:   00007f5372aa7110 00007f5371e394e0
0x00007f5372aa7040:   00007f5372aa70d0 00007f536c21b9d0
0x00007f5372aa7050:   00007f5359394590 00007f5372aa71a0
0x00007f5372aa7060:   00007f5372aa70f0 00007f5372aa71d0
0x00007f5372aa7070:   00007f5372aa71f0 00007f537166fcd1
0x00007f5372aa7080:   00007f5372aa7160 00007f537166fa1a
0x00007f5372aa7090:   00007f535935e858 0000000000000000
0x00007f5372aa70a0:   00007f5372aa7300 00007f53716472c9
0x00007f5372aa70b0:   00007f5372aa7230 00007f537166fa9a
0x00007f5372aa70c0:   00007f536c21b9d0 00007f536c010800
0x00007f5372aa70d0:   00007f5372aa7280 00007f537166fcd1
0x00007f5372aa70e0:   00007f5372aa7170 00007f537166fa1a
0x00007f5372aa70f0:   00007f535943da28 0000000000000000
0x00007f5372aa7100:   00007f5372aa7360 00007f53716472c9
0x00007f5372aa7110:   00007f536c010800 00007f536c21b9d0
0x00007f5372aa7120:   00007f536c00de20 00007f536c00de30
0x00007f5372aa7130:   00007f536c00df08 00007f5372aa7280 

Instructions: (pc=0x00007f536a9ed4e2)
0x00007f536a9ed4c2:   00 48 c7 40 28 00 00 00 00 41 80 7f 30 00 0f 84
0x00007f536a9ed4d2:   8a 02 00 00 4c 8b 63 08 4d 2b 67 28 4d 03 67 18
0x00007f536a9ed4e2:   41 0f b6 5c 24 1d 41 0f b6 44 24 1c c1 e3 08 09
0x00007f536a9ed4f2:   c3 41 0f b6 44 24 1e 88 45 bd 41 0f b6 54 24 20 

Register to memory mapping:

RAX=0x00007f536c7f97a0 is an unknown value
RBX=0x00007f536c5d6ce0 is an unknown value
RCX=0x00007f536c000020 is an unknown value
RDX=0x00007f536c7f97a0 is an unknown value
RSP=0x00007f5372aa6f40 is pointing into the stack for thread: 0x00007f536c010800
RBP=0x00007f5372aa6f90 is pointing into the stack for thread: 0x00007f536c010800
RSI=0x0000000040000004 is an unknown value
RDI=0x0000000000000190 is an unknown value
R8 =0x00007f536c000438 is an unknown value
R9 =0x00007f5372aa7010 is pointing into the stack for thread: 0x00007f536c010800
R10=0x00007f535b9fba7c is at code_begin+1596 in an Interpreter codelet
method entry point (kind = native)  [0x00007f535b9fb440, 0x00007f535b9fc420]  4064 bytes
R11=0x00007f5372037150: <offset 0x196150> in /lib/x86_64-linux-gnu/libc.so.6 at 0x00007f5371ea1000
R12=0x00007f53522a3188 is an unknown value
R13=0x00007f536c7f97a0 is an unknown value
R14=0x000000004eecb6d3 is an unknown value
R15=0x00007f536c5d6c00 is an unknown value


Stack: [0x00007f53729a8000,0x00007f5372aa9000],  sp=0x00007f5372aa6f40,  free space=1019k
Native frames: (J=compiled Java code, j=interpreted, Vv=VM code, C=native code)
C  [libzip.so+0x124e2]  newEntry+0x62
C  [libzip.so+0x12c3f]  ZIP_GetEntry2+0xff
C  [libzip.so+0x3e90]  Java_java_util_zip_ZipFile_getEntry+0xf0
j  java.util.zip.ZipFile.getEntry(J[BZ)J+0
j  java.util.zip.ZipFile.getInputStream(Ljava/util/zip/ZipEntry;)Ljava/io/InputStream;+88
j  org.apache.poi.openxml4j.util.ZipSecureFile.getInputStream(Ljava/util/zip/ZipEntry;)Ljava/io/InputStream;+2
j  org.apache.poi.openxml4j.util.ZipFileZipEntrySource.getInputStream(Ljava/util/zip/ZipEntry;)Ljava/io/InputStream;+22
j  org.apache.poi.openxml4j.opc.ZipPackagePart.getInputStreamImpl()Ljava/io/InputStream;+14
j  org.apache.poi.openxml4j.opc.PackagePart.getInputStream()Ljava/io/InputStream;+1
j  org.apache.poi.POIXMLProperties.<init>(Lorg/apache/poi/openxml4j/opc/OPCPackage;)V+69
j  org.apache.poi.POIXMLDocument.getProperties()Lorg/apache/poi/POIXMLProperties;+16
j  org.apache.poi.POIXMLDocument.write(Ljava/io/OutputStream;)V+39
j  utils.ExcelFileModifier.writeToExcel(Ljava/lang/String;)V+78
j  utils.ExcelFileModifier.main([Ljava/lang/String;)V+2
v  ~StubRoutines::call_stub
V  [libjvm.so+0x697a76]  JavaCalls::call_helper(JavaValue*, methodHandle*, JavaCallArguments*, Thread*)+0x1056
V  [libjvm.so+0x6d91c2]  jni_invoke_static(JNIEnv_*, JavaValue*, _jobject*, JNICallType, _jmethodID*, JNI_ArgumentPusher*, Thread*)+0x362
V  [libjvm.so+0x6f5a2a]  jni_CallStaticVoidMethod+0x17a
C  [libjli.so+0x80ff]  JavaMain+0x81f
C  [libpthread.so.0+0x76ba]  start_thread+0xca

Java frames: (J=compiled Java code, j=interpreted, Vv=VM code)
j  java.util.zip.ZipFile.getEntry(J[BZ)J+0
j  java.util.zip.ZipFile.getInputStream(Ljava/util/zip/ZipEntry;)Ljava/io/InputStream;+88
j  org.apache.poi.openxml4j.util.ZipSecureFile.getInputStream(Ljava/util/zip/ZipEntry;)Ljava/io/InputStream;+2
j  org.apache.poi.openxml4j.util.ZipFileZipEntrySource.getInputStream(Ljava/util/zip/ZipEntry;)Ljava/io/InputStream;+22
j  org.apache.poi.openxml4j.opc.ZipPackagePart.getInputStreamImpl()Ljava/io/InputStream;+14
j  org.apache.poi.openxml4j.opc.PackagePart.getInputStream()Ljava/io/InputStream;+1
j  org.apache.poi.POIXMLProperties.<init>(Lorg/apache/poi/openxml4j/opc/OPCPackage;)V+69
j  org.apache.poi.POIXMLDocument.getProperties()Lorg/apache/poi/POIXMLProperties;+16
j  org.apache.poi.POIXMLDocument.write(Ljava/io/OutputStream;)V+39
j  utils.ExcelFileModifier.writeToExcel(Ljava/lang/String;)V+78
j  utils.ExcelFileModifier.main([Ljava/lang/String;)V+2
v  ~StubRoutines::call_stub

---------------  P R O C E S S  ---------------

Java Threads: ( => current thread )
  0x00007f536c546800 JavaThread "Service Thread" daemon [_thread_blocked, id=15684, stack(0x00007f53523a5000,0x00007f53524a6000)]
  0x00007f536c538800 JavaThread "C1 CompilerThread3" daemon [_thread_blocked, id=15683, stack(0x00007f53524a6000,0x00007f53525a7000)]
  0x00007f536c536800 JavaThread "C2 CompilerThread2" daemon [_thread_blocked, id=15682, stack(0x00007f53525a7000,0x00007f53526a8000)]
  0x00007f536c530000 JavaThread "C2 CompilerThread1" daemon [_thread_blocked, id=15681, stack(0x00007f53526a8000,0x00007f53527a9000)]
  0x00007f536c52d800 JavaThread "C2 CompilerThread0" daemon [_thread_blocked, id=15680, stack(0x00007f53527a9000,0x00007f53528aa000)]
  0x00007f530c001000 JavaThread "JDWP Command Reader" daemon [_thread_in_native, id=15679, stack(0x00007f5352ae9000,0x00007f5352bea000)]
  0x00007f536c21d000 JavaThread "JDWP Event Helper Thread" daemon [_thread_blocked, id=15677, stack(0x00007f5352bea000,0x00007f5352ceb000)]
  0x00007f536c219800 JavaThread "JDWP Transport Listener: dt_socket" daemon [_thread_blocked, id=15675, stack(0x00007f5352ceb000,0x00007f5352dec000)]
  0x00007f536c20c000 JavaThread "Signal Dispatcher" daemon [_thread_blocked, id=15674, stack(0x00007f5352ff0000,0x00007f53530f1000)]
  0x00007f536c1da000 JavaThread "Finalizer" daemon [_thread_blocked, id=15666, stack(0x00007f53530f1000,0x00007f53531f2000)]
  0x00007f536c1d7800 JavaThread "Reference Handler" daemon [_thread_blocked, id=15665, stack(0x00007f53531f2000,0x00007f53532f3000)]
=>0x00007f536c010800 JavaThread "main" [_thread_in_native, id=15644, stack(0x00007f53729a8000,0x00007f5372aa9000)]

Other Threads:
  0x00007f536c1ce000 VMThread [stack: 0x00007f53532f3000,0x00007f53533f4000] [id=15662]
  0x00007f536c549000 WatcherThread [stack: 0x00007f53522a4000,0x00007f53523a5000] [id=15686]

VM state:not at safepoint (normal execution)

VM Mutex/Monitor currently owned by a thread: None

Heap:
 PSYoungGen      total 74752K, used 44079K [0x000000076cb80000, 0x0000000771e80000, 0x00000007c0000000)
  eden space 64512K, 68% used [0x000000076cb80000,0x000000076f68bc70,0x0000000770a80000)
  from space 10240K, 0% used [0x0000000771480000,0x0000000771480000,0x0000000771e80000)
  to   space 10240K, 0% used [0x0000000770a80000,0x0000000770a80000,0x0000000771480000)
 ParOldGen       total 171008K, used 0K [0x00000006c6200000, 0x00000006d0900000, 0x000000076cb80000)
  object space 171008K, 0% used [0x00000006c6200000,0x00000006c6200000,0x00000006d0900000)
 Metaspace       used 10445K, capacity 10548K, committed 10880K, reserved 1058816K
  class space    used 1271K, capacity 1298K, committed 1408K, reserved 1048576K

Card table byte_map: [0x00007f535ae4b000,0x00007f535b61b000] byte_map_base: 0x00007f535781a000

Marking Bits: (ParMarkBitMap*) 0x00007f5371e740a0
 Begin Bits: [0x00007f531c310000, 0x00007f5320188000)
 End Bits:   [0x00007f5320188000, 0x00007f5324000000)

Polling page: 0x00007f5372ac6000

CodeCache: size=245760Kb used=1218Kb max_used=1219Kb free=244541Kb
 bounds [0x00007f535b9db000, 0x00007f535bc4b000, 0x00007f536a9db000]
 total_blobs=365 nmethods=42 adapters=245
 compilation: enabled

Compilation events (10 events):
Event: 0.201 Thread 0x00007f536c538800   26       3       java.lang.ref.Reference::<init> (25 bytes)
Event: 0.202 Thread 0x00007f536c538800 nmethod 26 0x00007f535baf6690 code [0x00007f535baf6800, 0x00007f535baf6a50]
Event: 0.202 Thread 0x00007f536c538800   21       1       java.net.URL::getFile (5 bytes)
Event: 0.202 Thread 0x00007f536c538800 nmethod 21 0x00007f535baf63d0 code [0x00007f535baf6520, 0x00007f535baf6630]
Event: 0.202 Thread 0x00007f536c538800   20       1       java.net.URL::getHost (5 bytes)
Event: 0.202 Thread 0x00007f536c538800 nmethod 20 0x00007f535baf6110 code [0x00007f535baf6260, 0x00007f535baf6370]
Event: 8.944 Thread 0x00007f536c52d800   41       4       java.lang.AbstractStringBuilder::append (50 bytes)
Event: 8.953 Thread 0x00007f536c52d800 nmethod 41 0x00007f535bb0b790 code [0x00007f535bb0b900, 0x00007f535bb0be58]
Event: 30.209 Thread 0x00007f536c538800   42   !   3       java.net.URI::encode (142 bytes)
Event: 30.211 Thread 0x00007f536c538800 nmethod 42 0x00007f535bb08a90 code [0x00007f535bb08da0, 0x00007f535bb0a5e8]

GC Heap History (0 events):
No events

Deoptimization events (0 events):
No events

Classes redefined (0 events):
No events

Internal exceptions (10 events):
Event: 7.280 Thread 0x00007f536c010800 Exception <a 'java/security/PrivilegedActionException'> (0x000000076e2025a8) thrown at [/HUDSON/workspace/8-2-build-linux-amd64/jdk8u181/11358/hotspot/src/share/vm/prims/jvm.cpp, line 1435]
Event: 7.280 Thread 0x00007f536c010800 Exception <a 'java/security/PrivilegedActionException'> (0x000000076e2029a0) thrown at [/HUDSON/workspace/8-2-build-linux-amd64/jdk8u181/11358/hotspot/src/share/vm/prims/jvm.cpp, line 1435]
Event: 7.287 Thread 0x00007f536c010800 Exception <a 'java/security/PrivilegedActionException'> (0x000000076e220228) thrown at [/HUDSON/workspace/8-2-build-linux-amd64/jdk8u181/11358/hotspot/src/share/vm/prims/jvm.cpp, line 1435]
Event: 7.287 Thread 0x00007f536c010800 Exception <a 'java/security/PrivilegedActionException'> (0x000000076e220620) thrown at [/HUDSON/workspace/8-2-build-linux-amd64/jdk8u181/11358/hotspot/src/share/vm/prims/jvm.cpp, line 1435]
Event: 7.289 Thread 0x00007f536c010800 Exception <a 'java/security/PrivilegedActionException'> (0x000000076e229148) thrown at [/HUDSON/workspace/8-2-build-linux-amd64/jdk8u181/11358/hotspot/src/share/vm/prims/jvm.cpp, line 1435]
Event: 7.289 Thread 0x00007f536c010800 Exception <a 'java/security/PrivilegedActionException'> (0x000000076e229540) thrown at [/HUDSON/workspace/8-2-build-linux-amd64/jdk8u181/11358/hotspot/src/share/vm/prims/jvm.cpp, line 1435]
Event: 7.291 Thread 0x00007f536c010800 Exception <a 'java/security/PrivilegedActionException'> (0x000000076e232178) thrown at [/HUDSON/workspace/8-2-build-linux-amd64/jdk8u181/11358/hotspot/src/share/vm/prims/jvm.cpp, line 1435]
Event: 7.291 Thread 0x00007f536c010800 Exception <a 'java/security/PrivilegedActionException'> (0x000000076e232570) thrown at [/HUDSON/workspace/8-2-build-linux-amd64/jdk8u181/11358/hotspot/src/share/vm/prims/jvm.cpp, line 1435]
Event: 7.293 Thread 0x00007f536c010800 Exception <a 'java/security/PrivilegedActionException'> (0x000000076e23b578) thrown at [/HUDSON/workspace/8-2-build-linux-amd64/jdk8u181/11358/hotspot/src/share/vm/prims/jvm.cpp, line 1435]
Event: 7.293 Thread 0x00007f536c010800 Exception <a 'java/security/PrivilegedActionException'> (0x000000076e23b970) thrown at [/HUDSON/workspace/8-2-build-linux-amd64/jdk8u181/11358/hotspot/src/share/vm/prims/jvm.cpp, line 1435]

Events (10 events):
Event: 145.831 loading class org/openxmlformats/schemas/officeDocument/x2006/customProperties/PropertiesDocument
Event: 145.831 loading class org/openxmlformats/schemas/officeDocument/x2006/customProperties/PropertiesDocument done
Event: 145.837 loading class org/openxmlformats/schemas/officeDocument/x2006/customProperties/impl/PropertiesDocumentImpl
Event: 145.837 loading class org/openxmlformats/schemas/officeDocument/x2006/customProperties/impl/PropertiesDocumentImpl done
Event: 145.851 loading class org/openxmlformats/schemas/officeDocument/x2006/customProperties/impl/CTPropertiesImpl
Event: 145.851 loading class org/openxmlformats/schemas/officeDocument/x2006/customProperties/impl/CTPropertiesImpl done
Event: 145.853 loading class org/openxmlformats/schemas/officeDocument/x2006/customProperties/CTProperties
Event: 145.853 loading class org/openxmlformats/schemas/officeDocument/x2006/customProperties/CTProperties done
Event: 145.856 loading class org/apache/poi/POIXMLProperties$CoreProperties
Event: 145.856 loading class org/apache/poi/POIXMLProperties$CoreProperties done


Dynamic libraries:
00400000-00401000 r-xp 00000000 08:01 10884297                           /usr/lib/jvm/java-8-oracle/bin/java
00600000-00601000 rw-p 00000000 08:01 10884297                           /usr/lib/jvm/java-8-oracle/bin/java
01988000-019a9000 rw-p 00000000 00:00 0                                  [heap]
6c6200000-6d0900000 rw-p 00000000 00:00 0 
6d0900000-76cb80000 ---p 00000000 00:00 0 
76cb80000-771e80000 rw-p 00000000 00:00 0 
771e80000-7c0000000 ---p 00000000 00:00 0 
7c0000000-7c0160000 rw-p 00000000 00:00 0 
7c0160000-800000000 ---p 00000000 00:00 0 
7f52e8000000-7f52e8021000 rw-p 00000000 00:00 0 
7f52e8021000-7f52ec000000 ---p 00000000 00:00 0 
7f52ec000000-7f52ec021000 rw-p 00000000 00:00 0 
7f52ec021000-7f52f0000000 ---p 00000000 00:00 0 
7f52f0000000-7f52f003c000 rw-p 00000000 00:00 0 
7f52f003c000-7f52f4000000 ---p 00000000 00:00 0 
7f52f4000000-7f52f4078000 rw-p 00000000 00:00 0 
7f52f4078000-7f52f8000000 ---p 00000000 00:00 0 
7f52f8000000-7f52f80c9000 rw-p 00000000 00:00 0 
7f52f80c9000-7f52fc000000 ---p 00000000 00:00 0 
7f52fc000000-7f52fc073000 rw-p 00000000 00:00 0 
7f52fc073000-7f5300000000 ---p 00000000 00:00 0 
7f5300000000-7f5300026000 rw-p 00000000 00:00 0 
7f5300026000-7f5304000000 ---p 00000000 00:00 0 
7f5304000000-7f5304021000 rw-p 00000000 00:00 0 
7f5304021000-7f5308000000 ---p 00000000 00:00 0 
7f5308000000-7f5308021000 rw-p 00000000 00:00 0 
7f5308021000-7f530c000000 ---p 00000000 00:00 0 
7f530c000000-7f530c021000 rw-p 00000000 00:00 0 
7f530c021000-7f5310000000 ---p 00000000 00:00 0 
7f5310000000-7f5310021000 rw-p 00000000 00:00 0 
7f5310021000-7f5314000000 ---p 00000000 00:00 0 
7f5314000000-7f5314021000 rw-p 00000000 00:00 0 
7f5314021000-7f5318000000 ---p 00000000 00:00 0 
7f5318000000-7f5318021000 rw-p 00000000 00:00 0 
7f5318021000-7f531c000000 ---p 00000000 00:00 0 
7f531c310000-7f5324000000 rw-p 00000000 00:00 0 
7f5324000000-7f5324021000 rw-p 00000000 00:00 0 
7f5324021000-7f5328000000 ---p 00000000 00:00 0 
7f5328000000-7f5328021000 rw-p 00000000 00:00 0 
7f5328021000-7f532c000000 ---p 00000000 00:00 0 
7f532c000000-7f532c021000 rw-p 00000000 00:00 0 
7f532c021000-7f5330000000 ---p 00000000 00:00 0 
7f5334000000-7f5334021000 rw-p 00000000 00:00 0 
7f5334021000-7f5338000000 ---p 00000000 00:00 0 
7f533c000000-7f533c021000 rw-p 00000000 00:00 0 
7f533c021000-7f5340000000 ---p 00000000 00:00 0 
7f5344000000-7f5344021000 rw-p 00000000 00:00 0 
7f5344021000-7f5348000000 ---p 00000000 00:00 0 
7f534c000000-7f534c021000 rw-p 00000000 00:00 0 
7f534c021000-7f5350000000 ---p 00000000 00:00 0 
7f5351e0e000-7f5352099000 rw-p 00000000 00:00 0 
7f5352099000-7f535209e000 r--s 002f9000 08:01 13764987                   /usr/lib/jvm/java-8-oracle/jre/lib/charsets.jar
7f535209e000-7f53521de000 rw-p 00000000 00:00 0 
7f53521de000-7f535229e000 ---p 00000000 00:00 0 
7f535229e000-7f53522a3000 r--s 0009d000 08:01 13764994                   /usr/lib/jvm/java-8-oracle/jre/lib/jsse.jar
7f53522a3000-7f53522a4000 r--s 00001000 08:01 12456874                   /home/kajal/TestReport/TestSuits.xlsx
7f53522a4000-7f53522a5000 ---p 00000000 00:00 0 
7f53522a5000-7f53523a5000 rw-p 00000000 00:00 0 
7f53523a5000-7f53523a8000 ---p 00000000 00:00 0 
7f53523a8000-7f53524a6000 rw-p 00000000 00:00 0 
7f53524a6000-7f53524a9000 ---p 00000000 00:00 0 
7f53524a9000-7f53525a7000 rw-p 00000000 00:00 0 
7f53525a7000-7f53525aa000 ---p 00000000 00:00 0 
7f53525aa000-7f53526a8000 rw-p 00000000 00:00 0 
7f53526a8000-7f53526ab000 ---p 00000000 00:00 0 
7f53526ab000-7f53527a9000 rw-p 00000000 00:00 0 
7f53527a9000-7f53527ac000 ---p 00000000 00:00 0 
7f53527ac000-7f53528aa000 rw-p 00000000 00:00 0 
7f53528aa000-7f53528b1000 r--s 00064000 07:01 394                        /snap/intellij-idea-community/90/lib/rt/debugger-agent.jar
7f53528b1000-7f53528b3000 r--s 0001a000 07:01 298                        /snap/intellij-idea-community/90/lib/idea_rt.jar
7f53528b3000-7f53528bd000 r--s 00078000 08:01 16515935                   /home/kajal/.m2/repository/org/apache/commons/commons-compress/1.14/commons-compress-1.14.jar
7f53528bd000-7f53528bf000 r--s 00009000 08:01 16515933                   /home/kajal/.m2/repository/org/rauschig/jarchivelib/0.8.0/jarchivelib-0.8.0.jar
7f53528bf000-7f53528c4000 r--s 00036000 08:01 16515929                   /home/kajal/.m2/repository/com/google/code/gson/gson/2.8.5/gson-2.8.5.jar
7f53528c4000-7f53528c6000 r--s 00009000 08:01 15864779                   /home/kajal/.m2/repository/org/slf4j/slf4j-api/1.7.25/slf4j-api-1.7.25.jar
7f53528c6000-7f53528c8000 r--s 00010000 08:01 15735330                   /home/kajal/.m2/repository/io/github/bonigarcia/webdrivermanager/3.0.0/webdrivermanager-3.0.0.jar
7f53528c8000-7f53528cd000 r--s 00027000 08:01 16254209                   /home/kajal/.m2/repository/dk/brics/automaton/automaton/1.11-8/automaton-1.11-8.jar
7f53528cd000-7f53528ce000 r--s 00003000 08:01 16254206                   /home/kajal/.m2/repository/com/github/mifmif/generex/1.0.2/generex-1.0.2.jar
7f53528ce000-7f53528d6000 r--s 0006e000 08:01 16254207                   /home/kajal/.m2/repository/org/apache/commons/commons-lang3/3.5/commons-lang3-3.5.jar
7f53528d6000-7f53528df000 r--s 00091000 08:01 15468760                   /home/kajal/.m2/repository/com/github/javafaker/javafaker/0.12/javafaker-0.12.jar
7f53528df000-7f53528e3000 r--s 00015000 08:01 15205641                   /home/kajal/.m2/repository/com/github/virtuald/curvesapi/1.04/curvesapi-1.04.jar
7f53528e3000-7f53528e5000 r--s 00005000 08:01 15205638                   /home/kajal/.m2/repository/stax/stax-api/1.0.1/stax-api-1.0.1.jar
7f53528e5000-7f5352923000 r--s 0025d000 08:01 15205614                   /home/kajal/.m2/repository/org/apache/xmlbeans/xmlbeans/2.6.0/xmlbeans-2.6.0.jar
7f5352923000-7f53529de000 r--s 004ec000 08:01 15205582                   /home/kajal/.m2/repository/org/apache/poi/poi-ooxml-schemas/3.17/poi-ooxml-schemas-3.17.jar
7f53529de000-7f53529f1000 r--s 00157000 08:01 15205637                   /home/kajal/.m2/repository/org/apache/poi/poi-ooxml/3.17/poi-ooxml-3.17.jar
7f53529f1000-7f5352a01000 r--s 000a8000 08:01 15205603                   /home/kajal/.m2/repository/org/apache/commons/commons-collections4/4.1/commons-collections4-4.1.jar
7f5352a01000-7f5352a2d000 r--s 00268000 08:01 15205633                   /home/kajal/.m2/repository/org/apache/poi/poi/3.17/poi-3.17.jar
7f5352a2d000-7f5352a4e000 r--s 00168000 08:01 15205579                   /home/kajal/.m2/repository/org/apache/logging/log4j/log4j-core/2.11.1/log4j-core-2.11.1.jar
7f5352a4e000-7f5352a54000 r--s 0003b000 08:01 15205631                   /home/kajal/.m2/repository/org/apache/logging/log4j/log4j-api/2.11.1/log4j-api-2.11.1.jar
7f5352a54000-7f5352a58000 r--s 0002a000 08:01 15205606                   /home/kajal/.m2/repository/commons-io/commons-io/2.4/commons-io-2.4.jar
7f5352a58000-7f5352a59000 r--s 0002a000 08:01 15205605                   /home/kajal/.m2/repository/org/apache/directory/studio/org.apache.commons.io/2.4/org.apache.commons.io-2.4.jar
7f5352a59000-7f5352a5a000 r--s 00003000 08:01 15467056                   /home/kajal/.m2/repository/org/seleniumhq/selenium/selenium-ie-driver/3.14.0/selenium-ie-driver-3.14.0.jar
7f5352a5a000-7f5352a5b000 r--s 00002000 08:01 15337478                   /home/kajal/.m2/repository/org/seleniumhq/selenium/selenium-chrome-driver/3.14.0/selenium-chrome-driver-3.14.0.jar
7f5352a5b000-7f5352a5d000 r--s 000c3000 08:01 15467060                   /home/kajal/.m2/repository/org/seleniumhq/selenium/selenium-firefox-driver/3.14.0/selenium-firefox-driver-3.14.0.jar
7f5352a5d000-7f5352a62000 r--s 0005a000 08:01 15205627                   /home/kajal/.m2/repository/org/apache-extras/beanshell/bsh/2.0b6/bsh-2.0b6.jar
7f5352a62000-7f5352a77000 r--s 000b9000 08:01 15205592                   /home/kajal/.m2/repository/org/testng/testng/6.14.3/testng-6.14.3.jar
7f5352a77000-7f5352aa9000 r--s 0026b000 08:01 15337472                   /home/kajal/.m2/repository/com/google/guava/guava/25.0-jre/guava-25.0-jre.jar
7f5352aa9000-7f5352ae9000 r--s 0029a000 08:01 15337470                   /home/kajal/.m2/repository/net/bytebuddy/byte-buddy/1.8.15/byte-buddy-1.8.15.jar
7f5352ae9000-7f5352aec000 ---p 00000000 00:00 0 
7f5352aec000-7f5352bea000 rw-p 00000000 00:00 0 
7f5352bea000-7f5352bed000 ---p 00000000 00:00 0 
7f5352bed000-7f5352ceb000 rw-p 00000000 00:00 0 
7f5352ceb000-7f5352cee000 ---p 00000000 00:00 0 
7f5352cee000-7f5352dec000 rw-p 00000000 00:00 0 
7f5352dec000-7f5352df0000 r-xp 00000000 08:01 13765018                   /usr/lib/jvm/java-8-oracle/jre/lib/amd64/libdt_socket.so
7f5352df0000-7f5352fef000 ---p 00004000 08:01 13765018                   /usr/lib/jvm/java-8-oracle/jre/lib/amd64/libdt_socket.so
7f5352fef000-7f5352ff0000 rw-p 00003000 08:01 13765018                   /usr/lib/jvm/java-8-oracle/jre/lib/amd64/libdt_socket.so
7f5352ff0000-7f5352ff3000 ---p 00000000 00:00 0 
7f5352ff3000-7f53530f1000 rw-p 00000000 00:00 0 
7f53530f1000-7f53530f4000 ---p 00000000 00:00 0 
7f53530f4000-7f53531f2000 rw-p 00000000 00:00 0 
7f53531f2000-7f53531f5000 ---p 00000000 00:00 0 
7f53531f5000-7f53532f3000 rw-p 00000000 00:00 0 
7f53532f3000-7f53532f4000 ---p 00000000 00:00 0 
7f53532f4000-7f5354000000 rw-p 00000000 00:00 0 
7f5354000000-7f5354021000 rw-p 00000000 00:00 0 
7f5354021000-7f5358000000 ---p 00000000 00:00 0 
7f5358000000-7f5358002000 r--s 0000f000 08:01 15205588                   /home/kajal/.m2/repository/com/beust/jcommander/1.72/jcommander-1.72.jar
7f5358002000-7f5358007000 r--s 00022000 08:01 15467051                   /home/kajal/.m2/repository/org/seleniumhq/selenium/selenium-support/3.14.0/selenium-support-3.14.0.jar
7f5358007000-7f5358009000 r--s 00001000 08:01 15467045                   /home/kajal/.m2/repository/org/seleniumhq/selenium/selenium-opera-driver/3.14.0/selenium-opera-driver-3.14.0.jar
7f5358009000-7f535800a000 r--s 00001000 08:01 15467043                   /home/kajal/.m2/repository/org/seleniumhq/selenium/selenium-edge-driver/3.14.0/selenium-edge-driver-3.14.0.jar
7f535800a000-7f535800b000 r--s 00000000 08:01 15206996                   /home/kajal/.m2/repository/org/seleniumhq/selenium/selenium-java/3.14.0/selenium-java-3.14.0.jar
7f535800b000-7f535800c000 r--s 00014000 08:01 15467057                   /home/kajal/.m2/repository/com/squareup/okio/okio/1.14.1/okio-1.14.1.jar
7f535800c000-7f5358011000 r--s 00060000 08:01 15467055                   /home/kajal/.m2/repository/com/squareup/okhttp3/okhttp/3.10.0/okhttp-3.10.0.jar
7f5358011000-7f5358018000 r--s 00049000 08:01 15467053                   /home/kajal/.m2/repository/org/apache/httpcomponents/httpcore/4.4.9/httpcore-4.4.9.jar
7f5358018000-7f5358026000 r--s 000ae000 08:01 15467046                   /home/kajal/.m2/repository/org/apache/httpcomponents/httpclient/4.5.5/httpclient-4.5.5.jar
7f5358026000-7f5358028000 r--s 00001000 08:01 15205591                   /home/kajal/.m2/repository/com/google/j2objc/j2objc-annotations/1.1/j2objc-annotations-1.1.jar
7f5358028000-7f535802a000 r--s 00002000 08:01 15337477                   /home/kajal/.m2/repository/com/google/errorprone/error_prone_annotations/2.1.3/error_prone_annotations-2.1.3.jar
7f535802a000-7f535802c000 r--s 00006000 08:01 15337474                   /home/kajal/.m2/repository/org/checkerframework/checker-compat-qual/2.0.0/checker-compat-qual-2.0.0.jar
7f535802c000-7f535802f000 r--s 00006000 08:01 15205585                   /home/kajal/.m2/repository/com/google/code/findbugs/jsr305/1.3.9/jsr305-1.3.9.jar
7f535802f000-7f5358031000 r--s 0000e000 08:01 15205593                   /home/kajal/.m2/repository/commons-logging/commons-logging/1.2/commons-logging-1.2.jar
7f5358031000-7f5358038000 r--s 0003f000 08:01 15205634                   /home/kajal/.m2/repository/commons-codec/commons-codec/1.10/commons-codec-1.10.jar
7f5358038000-7f535803a000 r--s 0000c000 08:01 15205581                   /home/kajal/.m2/repository/org/apache/commons/commons-exec/1.3/commons-exec-1.3.jar
7f535803a000-7f5358040000 r--s 0004e000 08:01 15337468                   /home/kajal/.m2/repository/org/seleniumhq/selenium/selenium-remote-driver/3.14.0/selenium-remote-driver-3.14.0.jar
7f5358040000-7f5358046000 r--s 00026000 08:01 15337466                   /home/kajal/.m2/repository/org/seleniumhq/selenium/selenium-api/3.14.0/selenium-api-3.14.0.jar
7f5358046000-7f5358056000 r--s 000a7000 08:01 15205566                   /home/kajal/.m2/repository/org/mongodb/mongodb-driver-core/3.0.4/mongodb-driver-core-3.0.4.jar
7f5358056000-7f535805b000 r--s 00032000 08:01 15205570                   /home/kajal/.m2/repository/org/mongodb/bson/3.0.4/bson-3.0.4.jar
7f535805b000-7f5358061000 r--s 00048000 08:01 15205558                   /home/kajal/.m2/repository/org/mongodb/mongodb-driver/3.0.4/mongodb-driver-3.0.4.jar
7f5358061000-7f5358079000 r--s 00132000 08:01 15205556                   /home/kajal/.m2/repository/org/freemarker/freemarker/2.3.23/freemarker-2.3.23.jar
7f5358079000-7f535807f000 r--s 00047000 08:01 15205560                   /home/kajal/.m2/repository/org/jsoup/jsoup/1.8.3/jsoup-1.8.3.jar
7f535807f000-7f5358092000 r--s 00345000 08:01 13764993                   /usr/lib/jvm/java-8-oracle/jre/lib/resources.jar
7f5358092000-7f5358ff0000 rw-p 00000000 00:00 0 
7f5358ff0000-7f53591ca000 r--s 03d6b000 08:01 13764989                   /usr/lib/jvm/java-8-oracle/jre/lib/rt.jar
7f53591ca000-7f535a20f000 rw-p 00000000 00:00 0 
7f535a20f000-7f535a210000 ---p 00000000 00:00 0 
7f535a210000-7f535a310000 rw-p 00000000 00:00 0 
7f535a310000-7f535a311000 ---p 00000000 00:00 0 
7f535a311000-7f535a411000 rw-p 00000000 00:00 0 
7f535a411000-7f535a412000 ---p 00000000 00:00 0 
7f535a412000-7f535a512000 rw-p 00000000 00:00 0 
7f535a512000-7f535a513000 ---p 00000000 00:00 0 
7f535a513000-7f535a613000 rw-p 00000000 00:00 0 
7f535a613000-7f535a614000 ---p 00000000 00:00 0 
7f535a614000-7f535a714000 rw-p 00000000 00:00 0 
7f535a714000-7f535a715000 ---p 00000000 00:00 0 
7f535a715000-7f535a815000 rw-p 00000000 00:00 0 
7f535a815000-7f535a816000 ---p 00000000 00:00 0 
7f535a816000-7f535a96a000 rw-p 00000000 00:00 0 
7f535a96a000-7f535ae4b000 ---p 00000000 00:00 0 
7f535ae4b000-7f535ae9f000 rw-p 00000000 00:00 0 
7f535ae9f000-7f535b37f000 ---p 00000000 00:00 0 
7f535b37f000-7f535b3aa000 rw-p 00000000 00:00 0 
7f535b3aa000-7f535b61a000 ---p 00000000 00:00 0 
7f535b61a000-7f535b625000 rw-p 00000000 00:00 0 
7f535b625000-7f535b9db000 ---p 00000000 00:00 0 
7f535b9db000-7f535bc4b000 rwxp 00000000 00:00 0 
7f535bc4b000-7f536a9db000 ---p 00000000 00:00 0 
7f536a9db000-7f536a9f6000 r-xp 00000000 08:01 13765045                   /usr/lib/jvm/java-8-oracle/jre/lib/amd64/libzip.so
7f536a9f6000-7f536abf6000 ---p 0001b000 08:01 13765045                   /usr/lib/jvm/java-8-oracle/jre/lib/amd64/libzip.so
7f536abf6000-7f536abf7000 rw-p 0001b000 08:01 13765045                   /usr/lib/jvm/java-8-oracle/jre/lib/amd64/libzip.so
7f536abf7000-7f536ac02000 r-xp 00000000 08:01 4854446                    /lib/x86_64-linux-gnu/libnss_files-2.23.so
7f536ac02000-7f536ae01000 ---p 0000b000 08:01 4854446                    /lib/x86_64-linux-gnu/libnss_files-2.23.so
7f536ae01000-7f536ae02000 r--p 0000a000 08:01 4854446                    /lib/x86_64-linux-gnu/libnss_files-2.23.so
7f536ae02000-7f536ae03000 rw-p 0000b000 08:01 4854446                    /lib/x86_64-linux-gnu/libnss_files-2.23.so
7f536ae03000-7f536ae09000 rw-p 00000000 00:00 0 
7f536ae09000-7f536ae14000 r-xp 00000000 08:01 4854456                    /lib/x86_64-linux-gnu/libnss_nis-2.23.so
7f536ae14000-7f536b013000 ---p 0000b000 08:01 4854456                    /lib/x86_64-linux-gnu/libnss_nis-2.23.so
7f536b013000-7f536b014000 r--p 0000a000 08:01 4854456                    /lib/x86_64-linux-gnu/libnss_nis-2.23.so
7f536b014000-7f536b015000 rw-p 0000b000 08:01 4854456                    /lib/x86_64-linux-gnu/libnss_nis-2.23.so
7f536b015000-7f536b02b000 r-xp 00000000 08:01 4854440                    /lib/x86_64-linux-gnu/libnsl-2.23.so
7f536b02b000-7f536b22a000 ---p 00016000 08:01 4854440                    /lib/x86_64-linux-gnu/libnsl-2.23.so
7f536b22a000-7f536b22b000 r--p 00015000 08:01 4854440                    /lib/x86_64-linux-gnu/libnsl-2.23.so
7f536b22b000-7f536b22c000 rw-p 00016000 08:01 4854440                    /lib/x86_64-linux-gnu/libnsl-2.23.so
7f536b22c000-7f536b22e000 rw-p 00000000 00:00 0 
7f536b22e000-7f536b236000 r-xp 00000000 08:01 4854442                    /lib/x86_64-linux-gnu/libnss_compat-2.23.so
7f536b236000-7f536b435000 ---p 00008000 08:01 4854442                    /lib/x86_64-linux-gnu/libnss_compat-2.23.so
7f536b435000-7f536b436000 r--p 00007000 08:01 4854442                    /lib/x86_64-linux-gnu/libnss_compat-2.23.so
7f536b436000-7f536b437000 rw-p 00008000 08:01 4854442                    /lib/x86_64-linux-gnu/libnss_compat-2.23.so
7f536b437000-7f536b441000 r-xp 00000000 08:01 13765054                   /usr/lib/jvm/java-8-oracle/jre/lib/amd64/libinstrument.so
7f536b441000-7f536b640000 ---p 0000a000 08:01 13765054                   /usr/lib/jvm/java-8-oracle/jre/lib/amd64/libinstrument.so
7f536b640000-7f536b641000 rw-p 00009000 08:01 13765054                   /usr/lib/jvm/java-8-oracle/jre/lib/amd64/libinstrument.so
7f536b641000-7f536c000000 r--p 00000000 08:01 10623883                   /usr/lib/locale/locale-archive
7f536c000000-7f536c8c6000 rw-p 00000000 00:00 0 
7f536c8c6000-7f5370000000 ---p 00000000 00:00 0 
7f5370000000-7f5370001000 r--s 00000000 08:01 15205613                   /home/kajal/.m2/repository/org/codehaus/mojo/animal-sniffer-annotations/1.14/animal-sniffer-annotations-1.14.jar
7f5370001000-7f5370002000 r--s 00002000 08:01 15467047                   /home/kajal/.m2/repository/org/seleniumhq/selenium/selenium-safari-driver/3.14.0/selenium-safari-driver-3.14.0.jar
7f5370002000-7f5370015000 r--s 000d6000 08:01 13764980                   /usr/lib/jvm/java-8-oracle/jre/lib/plugin.jar
7f5370015000-7f5370016000 ---p 00000000 00:00 0 
7f5370016000-7f5370116000 rw-p 00000000 00:00 0 
7f5370116000-7f5370118000 r-xp 00000000 08:01 13765020                   /usr/lib/jvm/java-8-oracle/jre/lib/amd64/libnpt.so
7f5370118000-7f5370318000 ---p 00002000 08:01 13765020                   /usr/lib/jvm/java-8-oracle/jre/lib/amd64/libnpt.so
7f5370318000-7f5370319000 rw-p 00002000 08:01 13765020                   /usr/lib/jvm/java-8-oracle/jre/lib/amd64/libnpt.so
7f5370319000-7f5370353000 r-xp 00000000 08:01 13765032                   /usr/lib/jvm/java-8-oracle/jre/lib/amd64/libjdwp.so
7f5370353000-7f5370552000 ---p 0003a000 08:01 13765032                   /usr/lib/jvm/java-8-oracle/jre/lib/amd64/libjdwp.so
7f5370552000-7f5370553000 rw-p 00039000 08:01 13765032                   /usr/lib/jvm/java-8-oracle/jre/lib/amd64/libjdwp.so
7f5370553000-7f5370554000 rw-p 00000000 00:00 0 
7f5370554000-7f537057f000 r-xp 00000000 08:01 13765039                   /usr/lib/jvm/java-8-oracle/jre/lib/amd64/libjava.so
7f537057f000-7f537077e000 ---p 0002b000 08:01 13765039                   /usr/lib/jvm/java-8-oracle/jre/lib/amd64/libjava.so
7f537077e000-7f5370780000 rw-p 0002a000 08:01 13765039                   /usr/lib/jvm/java-8-oracle/jre/lib/amd64/libjava.so
7f5370780000-7f537078d000 r-xp 00000000 08:01 13765044                   /usr/lib/jvm/java-8-oracle/jre/lib/amd64/libverify.so
7f537078d000-7f537098d000 ---p 0000d000 08:01 13765044                   /usr/lib/jvm/java-8-oracle/jre/lib/amd64/libverify.so
7f537098d000-7f537098f000 rw-p 0000d000 08:01 13765044                   /usr/lib/jvm/java-8-oracle/jre/lib/amd64/libverify.so
7f537098f000-7f5370996000 r-xp 00000000 08:01 4854501                    /lib/x86_64-linux-gnu/librt-2.23.so
7f5370996000-7f5370b95000 ---p 00007000 08:01 4854501                    /lib/x86_64-linux-gnu/librt-2.23.so
7f5370b95000-7f5370b96000 r--p 00006000 08:01 4854501                    /lib/x86_64-linux-gnu/librt-2.23.so
7f5370b96000-7f5370b97000 rw-p 00007000 08:01 4854501                    /lib/x86_64-linux-gnu/librt-2.23.so
7f5370b97000-7f5370c9f000 r-xp 00000000 08:01 4854417                    /lib/x86_64-linux-gnu/libm-2.23.so
7f5370c9f000-7f5370e9e000 ---p 00108000 08:01 4854417                    /lib/x86_64-linux-gnu/libm-2.23.so
7f5370e9e000-7f5370e9f000 r--p 00107000 08:01 4854417                    /lib/x86_64-linux-gnu/libm-2.23.so
7f5370e9f000-7f5370ea0000 rw-p 00108000 08:01 4854417                    /lib/x86_64-linux-gnu/libm-2.23.so
7f5370ea0000-7f5371b7c000 r-xp 00000000 08:01 14028559                   /usr/lib/jvm/java-8-oracle/jre/lib/amd64/server/libjvm.so
7f5371b7c000-7f5371d7c000 ---p 00cdc000 08:01 14028559                   /usr/lib/jvm/java-8-oracle/jre/lib/amd64/server/libjvm.so
7f5371d7c000-7f5371e56000 rw-p 00cdc000 08:01 14028559                   /usr/lib/jvm/java-8-oracle/jre/lib/amd64/server/libjvm.so
7f5371e56000-7f5371ea1000 rw-p 00000000 00:00 0 
7f5371ea1000-7f5372061000 r-xp 00000000 08:01 4854347                    /lib/x86_64-linux-gnu/libc-2.23.so
7f5372061000-7f5372261000 ---p 001c0000 08:01 4854347                    /lib/x86_64-linux-gnu/libc-2.23.so
7f5372261000-7f5372265000 r--p 001c0000 08:01 4854347                    /lib/x86_64-linux-gnu/libc-2.23.so
7f5372265000-7f5372267000 rw-p 001c4000 08:01 4854347                    /lib/x86_64-linux-gnu/libc-2.23.so
7f5372267000-7f537226b000 rw-p 00000000 00:00 0 
7f537226b000-7f537226e000 r-xp 00000000 08:01 4854371                    /lib/x86_64-linux-gnu/libdl-2.23.so
7f537226e000-7f537246d000 ---p 00003000 08:01 4854371                    /lib/x86_64-linux-gnu/libdl-2.23.so
7f537246d000-7f537246e000 r--p 00002000 08:01 4854371                    /lib/x86_64-linux-gnu/libdl-2.23.so
7f537246e000-7f537246f000 rw-p 00003000 08:01 4854371                    /lib/x86_64-linux-gnu/libdl-2.23.so
7f537246f000-7f5372485000 r-xp 00000000 08:01 13372778                   /usr/lib/jvm/java-8-oracle/lib/amd64/jli/libjli.so
7f5372485000-7f5372684000 ---p 00016000 08:01 13372778                   /usr/lib/jvm/java-8-oracle/lib/amd64/jli/libjli.so
7f5372684000-7f5372685000 rw-p 00015000 08:01 13372778                   /usr/lib/jvm/java-8-oracle/lib/amd64/jli/libjli.so
7f5372685000-7f537269d000 r-xp 00000000 08:01 4854493                    /lib/x86_64-linux-gnu/libpthread-2.23.so
7f537269d000-7f537289c000 ---p 00018000 08:01 4854493                    /lib/x86_64-linux-gnu/libpthread-2.23.so
7f537289c000-7f537289d000 r--p 00017000 08:01 4854493                    /lib/x86_64-linux-gnu/libpthread-2.23.so
7f537289d000-7f537289e000 rw-p 00018000 08:01 4854493                    /lib/x86_64-linux-gnu/libpthread-2.23.so
7f537289e000-7f53728a2000 rw-p 00000000 00:00 0 
7f53728a2000-7f53728c8000 r-xp 00000000 08:01 4854319                    /lib/x86_64-linux-gnu/ld-2.23.so
7f53728c8000-7f53728cd000 r--s 004ef000 08:01 15205562                   /home/kajal/.m2/repository/org/xerial/sqlite-jdbc/3.8.11.1/sqlite-jdbc-3.8.11.1.jar
7f53728cd000-7f53728d1000 r--s 001b0000 08:01 15205554                   /home/kajal/.m2/repository/com/relevantcodes/extentreports/2.41.0/extentreports-2.41.0.jar
7f53728d1000-7f53728d2000 r--s 00000000 08:01 13764973                   /usr/lib/jvm/java-8-oracle/jre/lib/management-agent.jar
7f53728d2000-7f53728d7000 r--s 0009d000 08:01 13764994                   /usr/lib/jvm/java-8-oracle/jre/lib/jsse.jar
7f53728d7000-7f53728d9000 r--s 00007000 08:01 13765067                   /usr/lib/jvm/java-8-oracle/jre/lib/jfxswt.jar
7f53728d9000-7f53728e2000 r--s 0006d000 08:01 13764976                   /usr/lib/jvm/java-8-oracle/jre/lib/javaws.jar
7f53728e2000-7f53728fe000 r--s 0020b000 08:01 13764967                   /usr/lib/jvm/java-8-oracle/jre/lib/deploy.jar
7f53728fe000-7f53729a8000 rw-p 00000000 00:00 0 
7f53729a8000-7f53729ab000 ---p 00000000 00:00 0 
7f53729ab000-7f5372aae000 rw-p 00000000 00:00 0 
7f5372aae000-7f5372ab3000 r--s 00084000 08:01 13764966                   /usr/lib/jvm/java-8-oracle/jre/lib/jfr.jar
7f5372ab3000-7f5372ab6000 r--s 0001a000 08:01 13765065                   /usr/lib/jvm/java-8-oracle/jre/lib/jce.jar
7f5372ab6000-7f5372abb000 r--s 002f9000 08:01 13764987                   /usr/lib/jvm/java-8-oracle/jre/lib/charsets.jar
7f5372abb000-7f5372abd000 r--s 00001000 07:01 393                        /snap/intellij-idea-community/90/lib/rt/debugger-agent-storage.jar
7f5372abd000-7f5372ac5000 rw-s 00000000 08:01 11809789                   /tmp/hsperfdata_kajal/15643
7f5372ac5000-7f5372ac6000 rw-p 00000000 00:00 0 
7f5372ac6000-7f5372ac7000 r--p 00000000 00:00 0 
7f5372ac7000-7f5372ac8000 r--p 00025000 08:01 4854319                    /lib/x86_64-linux-gnu/ld-2.23.so
7f5372ac8000-7f5372ac9000 rw-p 00026000 08:01 4854319                    /lib/x86_64-linux-gnu/ld-2.23.so
7f5372ac9000-7f5372aca000 rw-p 00000000 00:00 0 
7ffc2f0cb000-7ffc2f0ee000 rw-p 00000000 00:00 0                          [stack]
7ffc2f102000-7ffc2f105000 r--p 00000000 00:00 0                          [vvar]
7ffc2f105000-7ffc2f107000 r-xp 00000000 00:00 0                          [vdso]
ffffffffff600000-ffffffffff601000 r-xp 00000000 00:00 0                  [vsyscall]

VM Arguments:
jvm_args: -agentlib:jdwp=transport=dt_socket,address=127.0.0.1:37775,suspend=y,server=n -javaagent:/snap/intellij-idea-community/90/lib/rt/debugger-agent.jar=file:/tmp/capture.props -Dfile.encoding=UTF-8 
java_command: utils.ExcelFileModifier
java_class_path (initial): /usr/lib/jvm/java-8-oracle/jre/lib/charsets.jar:/usr/lib/jvm/java-8-oracle/jre/lib/deploy.jar:/usr/lib/jvm/java-8-oracle/jre/lib/ext/cldrdata.jar:/usr/lib/jvm/java-8-oracle/jre/lib/ext/dnsns.jar:/usr/lib/jvm/java-8-oracle/jre/lib/ext/jaccess.jar:/usr/lib/jvm/java-8-oracle/jre/lib/ext/jfxrt.jar:/usr/lib/jvm/java-8-oracle/jre/lib/ext/localedata.jar:/usr/lib/jvm/java-8-oracle/jre/lib/ext/nashorn.jar:/usr/lib/jvm/java-8-oracle/jre/lib/ext/sunec.jar:/usr/lib/jvm/java-8-oracle/jre/lib/ext/sunjce_provider.jar:/usr/lib/jvm/java-8-oracle/jre/lib/ext/sunpkcs11.jar:/usr/lib/jvm/java-8-oracle/jre/lib/ext/zipfs.jar:/usr/lib/jvm/java-8-oracle/jre/lib/javaws.jar:/usr/lib/jvm/java-8-oracle/jre/lib/jce.jar:/usr/lib/jvm/java-8-oracle/jre/lib/jfr.jar:/usr/lib/jvm/java-8-oracle/jre/lib/jfxswt.jar:/usr/lib/jvm/java-8-oracle/jre/lib/jsse.jar:/usr/lib/jvm/java-8-oracle/jre/lib/management-agent.jar:/usr/lib/jvm/java-8-oracle/jre/lib/plugin.jar:/usr/lib/jvm/java-8-oracle/jre/lib/resources.jar:/usr/lib/jvm/java-8-oracle/jre/lib/rt.jar:/home/kajal/IdeaProjects/rzt_ui_automation_v1/target/classes:/home/kajal/.m2/repository/com/relevantcodes/extentreports/2.41.0/extentreports-2.41.0.jar:/home/kajal/.m2/repository/org/jsoup/jsoup/1.8.3/jsoup-1.8.3.jar:/home/kajal/.m2/repository/org/xerial/sqlite-jdbc/3.8.11.1/sqlite-jdbc-3.8.11.1.jar:/home/kajal/.m2/repository/org/freemarker/freemarker/2.3.23/freemarker-2.3.23.jar:/home/kajal/.m2/repository/org/mongodb/mongodb-driver/3.0.4/mongodb-driver-3.0.4.jar:/home/kajal/.m2/repository/org/mongodb/bson/3.0.4/bson-3.0.4.jar:/home/kajal/.m2/repository/org/mongodb/mongodb-driver-core/3.0.4/mongodb-driver-core-3.0.4.jar:/home/kajal/.m2/repository/org/seleniumhq/selenium/selenium-safari-driver/3.14.0/selenium-safari-driver-3.14.0.jar:/home/kajal/.m2/repository/org/seleniumhq/selenium/selenium-api/3.14.0/selenium-api-3.14.0.jar:/home/kajal/.m2/repository/org/seleniumhq/selenium/selenium-remote-driver/3.14.0/selenium-remote-driver-3.14
Launcher Type: SUN_STANDARD

Environment Variables:
JAVA_HOME=/usr/lib/jvm/java-8-oracle
PATH=/home/kajal/bin:/home/kajal/.local/bin:/usr/local/sbin:/usr/local/bin:/usr/sbin:/usr/bin:/sbin:/bin:/usr/games:/usr/local/games:/snap/bin:/usr/lib/jvm/java-8-oracle/bin:/usr/lib/jvm/java-8-oracle/db/bin:/usr/lib/jvm/java-8-oracle/jre/bin
SHELL=/bin/bash
DISPLAY=:0

Signal Handlers:
SIGSEGV: [libjvm.so+0xad2a40], sa_mask[0]=11111111011111111101111111111110, sa_flags=SA_RESTART|SA_SIGINFO
SIGBUS: [libjvm.so+0xad2a40], sa_mask[0]=11111111011111111101111111111110, sa_flags=SA_RESTART|SA_SIGINFO
SIGFPE: [libjvm.so+0x92a610], sa_mask[0]=11111111011111111101111111111110, sa_flags=SA_RESTART|SA_SIGINFO
SIGPIPE: [libjvm.so+0x92a610], sa_mask[0]=11111111011111111101111111111110, sa_flags=SA_RESTART|SA_SIGINFO
SIGXFSZ: [libjvm.so+0x92a610], sa_mask[0]=11111111011111111101111111111110, sa_flags=SA_RESTART|SA_SIGINFO
SIGILL: [libjvm.so+0x92a610], sa_mask[0]=11111111011111111101111111111110, sa_flags=SA_RESTART|SA_SIGINFO
SIGUSR1: SIG_DFL, sa_mask[0]=00000000000000000000000000000000, sa_flags=none
SIGUSR2: [libjvm.so+0x92be70], sa_mask[0]=00100000000000000000000000000000, sa_flags=SA_RESTART|SA_SIGINFO
SIGHUP: [libjvm.so+0x92d270], sa_mask[0]=11111111011111111101111111111110, sa_flags=SA_RESTART|SA_SIGINFO
SIGINT: [libjvm.so+0x92d270], sa_mask[0]=11111111011111111101111111111110, sa_flags=SA_RESTART|SA_SIGINFO
SIGTERM: [libjvm.so+0x92d270], sa_mask[0]=11111111011111111101111111111110, sa_flags=SA_RESTART|SA_SIGINFO
SIGQUIT: [libjvm.so+0x92d270], sa_mask[0]=11111111011111111101111111111110, sa_flags=SA_RESTART|SA_SIGINFO


---------------  S Y S T E M  ---------------

OS:DISTRIB_ID=Ubuntu
DISTRIB_RELEASE=16.04
DISTRIB_CODENAME=xenial
DISTRIB_DESCRIPTION="Ubuntu 16.04.5 LTS"

uname:Linux 4.15.0-36-generic #39~16.04.1-Ubuntu SMP Tue Sep 25 08:59:23 UTC 2018 x86_64
libc:glibc 2.23 NPTL 2.23 
rlimit: STACK 8192k, CORE 0k, NPROC 63731, NOFILE 1048576, AS infinity
load average:0.32 0.43 0.40

/proc/meminfo:
MemTotal:       16374840 kB
MemFree:         7312160 kB
MemAvailable:   10369952 kB
Buffers:          419392 kB
Cached:          2902944 kB
SwapCached:            0 kB
Active:          6505940 kB
Inactive:        1673768 kB
Active(anon):    4859452 kB
Inactive(anon):   147680 kB
Active(file):    1646488 kB
Inactive(file):  1526088 kB
Unevictable:         128 kB
Mlocked:             128 kB
SwapTotal:        999420 kB
SwapFree:         999420 kB
Dirty:               460 kB
Writeback:             0 kB
AnonPages:       4857668 kB
Mapped:           769740 kB
Shmem:            149756 kB
Slab:             300472 kB
SReclaimable:     223308 kB
SUnreclaim:        77164 kB
KernelStack:       23152 kB
PageTables:        94944 kB
NFS_Unstable:          0 kB
Bounce:                0 kB
WritebackTmp:          0 kB
CommitLimit:     9186840 kB
Committed_AS:   18619712 kB
VmallocTotal:   34359738367 kB
VmallocUsed:           0 kB
VmallocChunk:          0 kB
HardwareCorrupted:     0 kB
AnonHugePages:         0 kB
ShmemHugePages:        0 kB
ShmemPmdMapped:        0 kB
CmaTotal:              0 kB
CmaFree:               0 kB
HugePages_Total:       0
HugePages_Free:        0
HugePages_Rsvd:        0
HugePages_Surp:        0
Hugepagesize:       2048 kB
DirectMap4k:      922360 kB
DirectMap2M:    15804416 kB


CPU:total 8 (initial active 8) (4 cores per cpu, 2 threads per core) family 6 model 42 stepping 7, cmov, cx8, fxsr, mmx, sse, sse2, sse3, ssse3, sse4.1, sse4.2, popcnt, avx, aes, clmul, ht, tsc, tscinvbit

/proc/cpuinfo:
processor	: 0
vendor_id	: GenuineIntel
cpu family	: 6
model		: 42
model name	: Intel(R) Core(TM) i7-2820QM CPU @ 2.30GHz
stepping	: 7
microcode	: 0x2e
cpu MHz		: 1188.818
cache size	: 8192 KB
physical id	: 0
siblings	: 8
core id		: 0
cpu cores	: 4
apicid		: 0
initial apicid	: 0
fpu		: yes
fpu_exception	: yes
cpuid level	: 13
wp		: yes
flags		: fpu vme de pse tsc msr pae mce cx8 apic sep mtrr pge mca cmov pat pse36 clflush dts acpi mmx fxsr sse sse2 ss ht tm pbe syscall nx rdtscp lm constant_tsc arch_perfmon pebs bts rep_good nopl xtopology nonstop_tsc cpuid aperfmperf pni pclmulqdq dtes64 monitor ds_cpl vmx smx est tm2 ssse3 cx16 xtpr pdcm pcid sse4_1 sse4_2 x2apic popcnt tsc_deadline_timer aes xsave avx lahf_lm epb pti ssbd ibrs ibpb stibp tpr_shadow vnmi flexpriority ept vpid xsaveopt dtherm ida arat pln pts flush_l1d
bugs		: cpu_meltdown spectre_v1 spectre_v2 spec_store_bypass l1tf
bogomips	: 4589.62
clflush size	: 64
cache_alignment	: 64
address sizes	: 36 bits physical, 48 bits virtual
power management:

processor	: 1
vendor_id	: GenuineIntel
cpu family	: 6
model		: 42
model name	: Intel(R) Core(TM) i7-2820QM CPU @ 2.30GHz
stepping	: 7
microcode	: 0x2e
cpu MHz		: 953.253
cache size	: 8192 KB
physical id	: 0
siblings	: 8
core id		: 0
cpu cores	: 4
apicid		: 1
initial apicid	: 1
fpu		: yes
fpu_exception	: yes
cpuid level	: 13
wp		: yes
flags		: fpu vme de pse tsc msr pae mce cx8 apic sep mtrr pge mca cmov pat pse36 clflush dts acpi mmx fxsr sse sse2 ss ht tm pbe syscall nx rdtscp lm constant_tsc arch_perfmon pebs bts rep_good nopl xtopology nonstop_tsc cpuid aperfmperf pni pclmulqdq dtes64 monitor ds_cpl vmx smx est tm2 ssse3 cx16 xtpr pdcm pcid sse4_1 sse4_2 x2apic popcnt tsc_deadline_timer aes xsave avx lahf_lm epb pti ssbd ibrs ibpb stibp tpr_shadow vnmi flexpriority ept vpid xsaveopt dtherm ida arat pln pts flush_l1d
bugs		: cpu_meltdown spectre_v1 spectre_v2 spec_store_bypass l1tf
bogomips	: 4589.62
clflush size	: 64
cache_alignment	: 64
address sizes	: 36 bits physical, 48 bits virtual
power management:

processor	: 2
vendor_id	: GenuineIntel
cpu family	: 6
model		: 42
model name	: Intel(R) Core(TM) i7-2820QM CPU @ 2.30GHz
stepping	: 7
microcode	: 0x2e
cpu MHz		: 1245.582
cache size	: 8192 KB
physical id	: 0
siblings	: 8
core id		: 1
cpu cores	: 4
apicid		: 2
initial apicid	: 2
fpu		: yes
fpu_exception	: yes
cpuid level	: 13
wp		: yes
flags		: fpu vme de pse tsc msr pae mce cx8 apic sep mtrr pge mca cmov pat pse36 clflush dts acpi mmx fxsr sse sse2 ss ht tm pbe syscall nx rdtscp lm constant_tsc arch_perfmon pebs bts rep_good nopl xtopology nonstop_tsc cpuid aperfmperf pni pclmulqdq dtes64 monitor ds_cpl vmx smx est tm2 ssse3 cx16 xtpr pdcm pcid sse4_1 sse4_2 x2apic popcnt tsc_deadline_timer aes xsave avx lahf_lm epb pti ssbd ibrs ibpb stibp tpr_shadow vnmi flexpriority ept vpid xsaveopt dtherm ida arat pln pts flush_l1d
bugs		: cpu_meltdown spectre_v1 spectre_v2 spec_store_bypass l1tf
bogomips	: 4589.62
clflush size	: 64
cache_alignment	: 64
address sizes	: 36 bits physical, 48 bits virtual
power management:

processor	: 3
vendor_id	: GenuineIntel
cpu family	: 6
model		: 42
model name	: Intel(R) Core(TM) i7-2820QM CPU @ 2.30GHz
stepping	: 7
microcode	: 0x2e
cpu MHz		: 1040.638
cache size	: 8192 KB
physical id	: 0
siblings	: 8
core id		: 1
cpu cores	: 4
apicid		: 3
initial apicid	: 3
fpu		: yes
fpu_exception	: yes
cpuid level	: 13
wp		: yes
flags		: fpu vme de pse tsc msr pae mce cx8 apic sep mtrr pge mca cmov pat pse36 clflush dts acpi mmx fxsr sse sse2 ss ht tm pbe syscall nx rdtscp lm constant_tsc arch_perfmon pebs bts rep_good nopl xtopology nonstop_tsc cpuid aperfmperf pni pclmulqdq dtes64 monitor ds_cpl vmx smx est tm2 ssse3 cx16 xtpr pdcm pcid sse4_1 sse4_2 x2apic popcnt tsc_deadline_timer aes xsave avx lahf_lm epb pti ssbd ibrs ibpb stibp tpr_shadow vnmi flexpriority ept vpid xsaveopt dtherm ida arat pln pts flush_l1d
bugs		: cpu_meltdown spectre_v1 spectre_v2 spec_store_bypass l1tf
bogomips	: 4589.62
clflush size	: 64
cache_alignment	: 64
address sizes	: 36 bits physical, 48 bits virtual
power management:

processor	: 4
vendor_id	: GenuineIntel
cpu family	: 6
model		: 42
model name	: Intel(R) Core(TM) i7-2820QM CPU @ 2.30GHz
stepping	: 7
microcode	: 0x2e
cpu MHz		: 1922.580
cache size	: 8192 KB
physical id	: 0
siblings	: 8
core id		: 2
cpu cores	: 4
apicid		: 4
initial apicid	: 4
fpu		: yes
fpu_exception	: yes
cpuid level	: 13
wp		: yes
flags		: fpu vme de pse tsc msr pae mce cx8 apic sep mtrr pge mca cmov pat pse36 clflush dts acpi mmx fxsr sse sse2 ss ht tm pbe syscall nx rdtscp lm constant_tsc arch_perfmon pebs bts rep_good nopl xtopology nonstop_tsc cpuid aperfmperf pni pclmulqdq dtes64 monitor ds_cpl vmx smx est tm2 ssse3 cx16 xtpr pdcm pcid sse4_1 sse4_2 x2apic popcnt tsc_deadline_timer aes xsave avx lahf_lm epb pti ssbd ibrs ibpb stibp tpr_shadow vnmi flexpriority ept vpid xsaveopt dtherm ida arat pln pts flush_l1d
bugs		: cpu_meltdown spectre_v1 spectre_v2 spec_store_bypass l1tf
bogomips	: 4589.62
clflush size	: 64
cache_alignment	: 64
address sizes	: 36 bits physical, 48 bits virtual
power management:

processor	: 5
vendor_id	: GenuineIntel
cpu family	: 6
model		: 42
model name	: Intel(R) Core(TM) i7-2820QM CPU @ 2.30GHz
stepping	: 7
microcode	: 0x2e
cpu MHz		: 962.675
cache size	: 8192 KB
physical id	: 0
siblings	: 8
core id		: 2
cpu cores	: 4
apicid		: 5
initial apicid	: 5
fpu		: yes
fpu_exception	: yes
cpuid level	: 13
wp		: yes
flags		: fpu vme de pse tsc msr pae mce cx8 apic sep mtrr pge mca cmov pat pse36 clflush dts acpi mmx fxsr sse sse2 ss ht tm pbe syscall nx rdtscp lm constant_tsc arch_perfmon pebs bts rep_good nopl xtopology nonstop_tsc cpuid aperfmperf pni pclmulqdq dtes64 monitor ds_cpl vmx smx est tm2 ssse3 cx16 xtpr pdcm pcid sse4_1 sse4_2 x2apic popcnt tsc_deadline_timer aes xsave avx lahf_lm epb pti ssbd ibrs ibpb stibp tpr_shadow vnmi flexpriority ept vpid xsaveopt dtherm ida arat pln pts flush_l1d
bugs		: cpu_meltdown spectre_v1 spectre_v2 spec_store_bypass l1tf
bogomips	: 4589.62
clflush size	: 64
cache_alignment	: 64
address sizes	: 36 bits physical, 48 bits virtual
power management:

processor	: 6
vendor_id	: GenuineIntel
cpu family	: 6
model		: 42
model name	: Intel(R) Core(TM) i7-2820QM CPU @ 2.30GHz
stepping	: 7
microcode	: 0x2e
cpu MHz		: 1908.691
cache size	: 8192 KB
physical id	: 0
siblings	: 8
core id		: 3
cpu cores	: 4
apicid		: 6
initial apicid	: 6
fpu		: yes
fpu_exception	: yes
cpuid level	: 13
wp		: yes
flags		: fpu vme de pse tsc msr pae mce cx8 apic sep mtrr pge mca cmov pat pse36 clflush dts acpi mmx fxsr sse sse2 ss ht tm pbe syscall nx rdtscp lm constant_tsc arch_perfmon pebs bts rep_good nopl xtopology nonstop_tsc cpuid aperfmperf pni pclmulqdq dtes64 monitor ds_cpl vmx smx est tm2 ssse3 cx16 xtpr pdcm pcid sse4_1 sse4_2 x2apic popcnt tsc_deadline_timer aes xsave avx lahf_lm epb pti ssbd ibrs ibpb stibp tpr_shadow vnmi flexpriority ept vpid xsaveopt dtherm ida arat pln pts flush_l1d
bugs		: cpu_meltdown spectre_v1 spectre_v2 spec_store_bypass l1tf
bogomips	: 4589.62
clflush size	: 64
cache_alignment	: 64
address sizes	: 36 bits physical, 48 bits virtual
power management:

processor	: 7
vendor_id	: GenuineIntel
cpu family	: 6
model		: 42
model name	: Intel(R) Core(TM) i7-2820QM CPU @ 2.30GHz
stepping	: 7
microcode	: 0x2e
cpu MHz		: 1460.495
cache size	: 8192 KB
physical id	: 0
siblings	: 8
core id		: 3
cpu cores	: 4
apicid		: 7
initial apicid	: 7
fpu		: yes
fpu_exception	: yes
cpuid level	: 13
wp		: yes
flags		: fpu vme de pse tsc msr pae mce cx8 apic sep mtrr pge mca cmov pat pse36 clflush dts acpi mmx fxsr sse sse2 ss ht tm pbe syscall nx rdtscp lm constant_tsc arch_perfmon pebs bts rep_good nopl xtopology nonstop_tsc cpuid aperfmperf pni pclmulqdq dtes64 monitor ds_cpl vmx smx est tm2 ssse3 cx16 xtpr pdcm pcid sse4_1 sse4_2 x2apic popcnt tsc_deadline_timer aes xsave avx lahf_lm epb pti ssbd ibrs ibpb stibp tpr_shadow vnmi flexpriority ept vpid xsaveopt dtherm ida arat pln pts flush_l1d
bugs		: cpu_meltdown spectre_v1 spectre_v2 spec_store_bypass l1tf
bogomips	: 4589.62
clflush size	: 64
cache_alignment	: 64
address sizes	: 36 bits physical, 48 bits virtual
power management:



Memory: 4k page, physical 16374840k(7312160k free), swap 999420k(999420k free)

vm_info: Java HotSpot(TM) 64-Bit Server VM (25.181-b13) for linux-amd64 JRE (1.8.0_181-b13), built on Jul  7 2018 00:56:38 by "java_re" with gcc 4.3.0 20080428 (Red Hat 4.3.0-8)

time: Mon Oct 22 18:53:32 2018
elapsed time: 145 seconds (0d 0h 2m 25s)

